{"/home/mluisaprado/software-frontend/src/components/DateInput.tsx": {"path":"/home/mluisaprado/software-frontend/src/components/DateInput.tsx","statementMap":{"0":{"start":{"line":21,"column":22},"end":{"line":25,"column":4}},"1":{"start":{"line":22,"column":2},"end":{"line":25,"column":4}},"2":{"start":{"line":37,"column":16},"end":{"line":37,"column":26}},"3":{"start":{"line":39,"column":22},"end":{"line":39,"column":57}},"4":{"start":{"line":41,"column":23},"end":{"line":45,"column":3}},"5":{"start":{"line":42,"column":4},"end":{"line":44,"column":5}},"6":{"start":{"line":43,"column":6},"end":{"line":43,"column":29}},"7":{"start":{"line":47,"column":2},"end":{"line":99,"column":3}},"8":{"start":{"line":49,"column":6},"end":{"line":49,"column":80}},"9":{"start":{"line":51,"column":25},"end":{"line":59,"column":5}},"10":{"start":{"line":52,"column":6},"end":{"line":54,"column":7}},"11":{"start":{"line":53,"column":8},"end":{"line":53,"column":48}},"12":{"start":{"line":55,"column":6},"end":{"line":57,"column":7}},"13":{"start":{"line":56,"column":8},"end":{"line":56,"column":47}},"14":{"start":{"line":58,"column":6},"end":{"line":58,"column":45}},"15":{"start":{"line":61,"column":26},"end":{"line":75,"column":5}},"16":{"start":{"line":62,"column":6},"end":{"line":62,"column":24}},"17":{"start":{"line":62,"column":17},"end":{"line":62,"column":24}},"18":{"start":{"line":63,"column":6},"end":{"line":74,"column":7}},"19":{"start":{"line":64,"column":33},"end":{"line":64,"column":60}},"20":{"start":{"line":65,"column":21},"end":{"line":65,"column":46}},"21":{"start":{"line":66,"column":8},"end":{"line":66,"column":29}},"22":{"start":{"line":67,"column":8},"end":{"line":67,"column":33}},"23":{"start":{"line":68,"column":8},"end":{"line":68,"column":27}},"24":{"start":{"line":69,"column":8},"end":{"line":69,"column":33}},"25":{"start":{"line":70,"column":13},"end":{"line":74,"column":7}},"26":{"start":{"line":71,"column":8},"end":{"line":71,"column":33}},"27":{"start":{"line":73,"column":8},"end":{"line":73,"column":47}},"28":{"start":{"line":77,"column":4},"end":{"line":98,"column":6}},"29":{"start":{"line":82,"column":29},"end":{"line":82,"column":62}},"30":{"start":{"line":101,"column":21},"end":{"line":137,"column":3}},"31":{"start":{"line":102,"column":4},"end":{"line":136,"column":5}},"32":{"start":{"line":103,"column":6},"end":{"line":135,"column":7}},"33":{"start":{"line":104,"column":8},"end":{"line":126,"column":11}},"34":{"start":{"line":110,"column":12},"end":{"line":124,"column":13}},"35":{"start":{"line":111,"column":14},"end":{"line":123,"column":17}},"36":{"start":{"line":115,"column":18},"end":{"line":121,"column":19}},"37":{"start":{"line":116,"column":37},"end":{"line":116,"column":59}},"38":{"start":{"line":117,"column":20},"end":{"line":117,"column":59}},"39":{"start":{"line":118,"column":20},"end":{"line":118,"column":63}},"40":{"start":{"line":119,"column":20},"end":{"line":119,"column":63}},"41":{"start":{"line":120,"column":20},"end":{"line":120,"column":39}},"42":{"start":{"line":128,"column":8},"end":{"line":134,"column":11}},"43":{"start":{"line":139,"column":21},"end":{"line":139,"column":66}},"44":{"start":{"line":141,"column":2},"end":{"line":158,"column":3}},"45":{"start":{"line":142,"column":4},"end":{"line":157,"column":6}},"46":{"start":{"line":160,"column":2},"end":{"line":186,"column":4}}},"fnMap":{"0":{"name":"(anonymous_0)","decl":{"start":{"line":21,"column":22},"end":{"line":21,"column":23}},"loc":{"start":{"line":22,"column":2},"end":{"line":25,"column":4}},"line":22},"1":{"name":"DateInput","decl":{"start":{"line":27,"column":24},"end":{"line":27,"column":33}},"loc":{"start":{"line":36,"column":19},"end":{"line":187,"column":1}},"line":36},"2":{"name":"(anonymous_2)","decl":{"start":{"line":41,"column":23},"end":{"line":41,"column":24}},"loc":{"start":{"line":41,"column":77},"end":{"line":45,"column":3}},"line":41},"3":{"name":"(anonymous_3)","decl":{"start":{"line":51,"column":25},"end":{"line":51,"column":26}},"loc":{"start":{"line":51,"column":41},"end":{"line":59,"column":5}},"line":51},"4":{"name":"(anonymous_4)","decl":{"start":{"line":61,"column":26},"end":{"line":61,"column":27}},"loc":{"start":{"line":61,"column":44},"end":{"line":75,"column":5}},"line":61},"5":{"name":"(anonymous_5)","decl":{"start":{"line":82,"column":18},"end":{"line":82,"column":19}},"loc":{"start":{"line":82,"column":29},"end":{"line":82,"column":62}},"line":82},"6":{"name":"(anonymous_6)","decl":{"start":{"line":101,"column":21},"end":{"line":101,"column":22}},"loc":{"start":{"line":101,"column":27},"end":{"line":137,"column":3}},"line":101},"7":{"name":"(anonymous_7)","decl":{"start":{"line":109,"column":20},"end":{"line":109,"column":21}},"loc":{"start":{"line":109,"column":45},"end":{"line":125,"column":11}},"line":109},"8":{"name":"(anonymous_8)","decl":{"start":{"line":114,"column":26},"end":{"line":114,"column":27}},"loc":{"start":{"line":114,"column":52},"end":{"line":122,"column":17}},"line":114}},"branchMap":{"0":{"loc":{"start":{"line":29,"column":2},"end":{"line":29,"column":15}},"type":"default-arg","locations":[{"start":{"line":29,"column":9},"end":{"line":29,"column":15}}],"line":29},"1":{"loc":{"start":{"line":30,"column":2},"end":{"line":30,"column":31}},"type":"default-arg","locations":[{"start":{"line":30,"column":18},"end":{"line":30,"column":31}}],"line":30},"2":{"loc":{"start":{"line":39,"column":22},"end":{"line":39,"column":57}},"type":"cond-expr","locations":[{"start":{"line":39,"column":30},"end":{"line":39,"column":45}},{"start":{"line":39,"column":48},"end":{"line":39,"column":57}}],"line":39},"3":{"loc":{"start":{"line":42,"column":4},"end":{"line":44,"column":5}},"type":"if","locations":[{"start":{"line":42,"column":4},"end":{"line":44,"column":5}},{"start":{},"end":{}}],"line":42},"4":{"loc":{"start":{"line":47,"column":2},"end":{"line":99,"column":3}},"type":"if","locations":[{"start":{"line":47,"column":2},"end":{"line":99,"column":3}},{"start":{},"end":{}}],"line":47},"5":{"loc":{"start":{"line":49,"column":6},"end":{"line":49,"column":80}},"type":"cond-expr","locations":[{"start":{"line":49,"column":24},"end":{"line":49,"column":30}},{"start":{"line":49,"column":33},"end":{"line":49,"column":80}}],"line":49},"6":{"loc":{"start":{"line":49,"column":33},"end":{"line":49,"column":80}},"type":"cond-expr","locations":[{"start":{"line":49,"column":55},"end":{"line":49,"column":71}},{"start":{"line":49,"column":74},"end":{"line":49,"column":80}}],"line":49},"7":{"loc":{"start":{"line":52,"column":6},"end":{"line":54,"column":7}},"type":"if","locations":[{"start":{"line":52,"column":6},"end":{"line":54,"column":7}},{"start":{},"end":{}}],"line":52},"8":{"loc":{"start":{"line":55,"column":6},"end":{"line":57,"column":7}},"type":"if","locations":[{"start":{"line":55,"column":6},"end":{"line":57,"column":7}},{"start":{},"end":{}}],"line":55},"9":{"loc":{"start":{"line":62,"column":6},"end":{"line":62,"column":24}},"type":"if","locations":[{"start":{"line":62,"column":6},"end":{"line":62,"column":24}},{"start":{},"end":{}}],"line":62},"10":{"loc":{"start":{"line":63,"column":6},"end":{"line":74,"column":7}},"type":"if","locations":[{"start":{"line":63,"column":6},"end":{"line":74,"column":7}},{"start":{"line":70,"column":13},"end":{"line":74,"column":7}}],"line":63},"11":{"loc":{"start":{"line":65,"column":21},"end":{"line":65,"column":46}},"type":"binary-expr","locations":[{"start":{"line":65,"column":21},"end":{"line":65,"column":32}},{"start":{"line":65,"column":36},"end":{"line":65,"column":46}}],"line":65},"12":{"loc":{"start":{"line":70,"column":13},"end":{"line":74,"column":7}},"type":"if","locations":[{"start":{"line":70,"column":13},"end":{"line":74,"column":7}},{"start":{"line":72,"column":13},"end":{"line":74,"column":7}}],"line":70},"13":{"loc":{"start":{"line":80,"column":15},"end":{"line":80,"column":59}},"type":"cond-expr","locations":[{"start":{"line":80,"column":29},"end":{"line":80,"column":54}},{"start":{"line":80,"column":57},"end":{"line":80,"column":59}}],"line":80},"14":{"loc":{"start":{"line":88,"column":23},"end":{"line":88,"column":56}},"type":"cond-expr","locations":[{"start":{"line":88,"column":35},"end":{"line":88,"column":44}},{"start":{"line":88,"column":47},"end":{"line":88,"column":56}}],"line":88},"15":{"loc":{"start":{"line":102,"column":4},"end":{"line":136,"column":5}},"type":"if","locations":[{"start":{"line":102,"column":4},"end":{"line":136,"column":5}},{"start":{},"end":{}}],"line":102},"16":{"loc":{"start":{"line":103,"column":6},"end":{"line":135,"column":7}},"type":"if","locations":[{"start":{"line":103,"column":6},"end":{"line":135,"column":7}},{"start":{"line":127,"column":13},"end":{"line":135,"column":7}}],"line":103},"17":{"loc":{"start":{"line":105,"column":17},"end":{"line":105,"column":42}},"type":"binary-expr","locations":[{"start":{"line":105,"column":17},"end":{"line":105,"column":28}},{"start":{"line":105,"column":32},"end":{"line":105,"column":42}}],"line":105},"18":{"loc":{"start":{"line":110,"column":12},"end":{"line":124,"column":13}},"type":"if","locations":[{"start":{"line":110,"column":12},"end":{"line":124,"column":13}},{"start":{},"end":{}}],"line":110},"19":{"loc":{"start":{"line":115,"column":18},"end":{"line":121,"column":19}},"type":"if","locations":[{"start":{"line":115,"column":18},"end":{"line":121,"column":19}},{"start":{},"end":{}}],"line":115},"20":{"loc":{"start":{"line":129,"column":17},"end":{"line":129,"column":42}},"type":"binary-expr","locations":[{"start":{"line":129,"column":17},"end":{"line":129,"column":28}},{"start":{"line":129,"column":32},"end":{"line":129,"column":42}}],"line":129},"21":{"loc":{"start":{"line":139,"column":21},"end":{"line":139,"column":66}},"type":"cond-expr","locations":[{"start":{"line":139,"column":35},"end":{"line":139,"column":61}},{"start":{"line":139,"column":64},"end":{"line":139,"column":66}}],"line":139},"22":{"loc":{"start":{"line":141,"column":2},"end":{"line":158,"column":3}},"type":"if","locations":[{"start":{"line":141,"column":2},"end":{"line":158,"column":3}},{"start":{},"end":{}}],"line":141},"23":{"loc":{"start":{"line":143,"column":40},"end":{"line":143,"column":79}},"type":"cond-expr","locations":[{"start":{"line":143,"column":52},"end":{"line":143,"column":63}},{"start":{"line":143,"column":66},"end":{"line":143,"column":79}}],"line":143},"24":{"loc":{"start":{"line":145,"column":17},"end":{"line":145,"column":42}},"type":"binary-expr","locations":[{"start":{"line":145,"column":17},"end":{"line":145,"column":28}},{"start":{"line":145,"column":32},"end":{"line":145,"column":42}}],"line":145},"25":{"loc":{"start":{"line":147,"column":19},"end":{"line":147,"column":58}},"type":"cond-expr","locations":[{"start":{"line":147,"column":37},"end":{"line":147,"column":46}},{"start":{"line":147,"column":49},"end":{"line":147,"column":58}}],"line":147},"26":{"loc":{"start":{"line":169,"column":21},"end":{"line":169,"column":60}},"type":"cond-expr","locations":[{"start":{"line":169,"column":33},"end":{"line":169,"column":44}},{"start":{"line":169,"column":47},"end":{"line":169,"column":60}}],"line":169},"27":{"loc":{"start":{"line":171,"column":23},"end":{"line":171,"column":76}},"type":"cond-expr","locations":[{"start":{"line":171,"column":35},"end":{"line":171,"column":46}},{"start":{"line":171,"column":49},"end":{"line":171,"column":76}}],"line":171},"28":{"loc":{"start":{"line":174,"column":7},"end":{"line":184,"column":7}},"type":"binary-expr","locations":[{"start":{"line":174,"column":7},"end":{"line":174,"column":28}},{"start":{"line":175,"column":8},"end":{"line":183,"column":10}}],"line":174},"29":{"loc":{"start":{"line":176,"column":17},"end":{"line":176,"column":42}},"type":"binary-expr","locations":[{"start":{"line":176,"column":17},"end":{"line":176,"column":28}},{"start":{"line":176,"column":32},"end":{"line":176,"column":42}}],"line":176}},"s":{"0":1,"1":0,"2":0,"3":0,"4":0,"5":0,"6":0,"7":0,"8":0,"9":0,"10":0,"11":0,"12":0,"13":0,"14":0,"15":0,"16":0,"17":0,"18":0,"19":0,"20":0,"21":0,"22":0,"23":0,"24":0,"25":0,"26":0,"27":0,"28":0,"29":0,"30":0,"31":0,"32":0,"33":0,"34":0,"35":0,"36":0,"37":0,"38":0,"39":0,"40":0,"41":0,"42":0,"43":0,"44":0,"45":0,"46":0},"f":{"0":0,"1":0,"2":0,"3":0,"4":0,"5":0,"6":0,"7":0,"8":0},"b":{"0":[0],"1":[0],"2":[0,0],"3":[0,0],"4":[0,0],"5":[0,0],"6":[0,0],"7":[0,0],"8":[0,0],"9":[0,0],"10":[0,0],"11":[0,0],"12":[0,0],"13":[0,0],"14":[0,0],"15":[0,0],"16":[0,0],"17":[0,0],"18":[0,0],"19":[0,0],"20":[0,0],"21":[0,0],"22":[0,0],"23":[0,0],"24":[0,0],"25":[0,0],"26":[0,0],"27":[0,0],"28":[0,0],"29":[0,0]},"_coverageSchema":"1a1c01bbd47fc00a2c39e90264f33305004495a9","hash":"a01264a3622a0c57f8912718e630f8133db26f9d"}
,"/home/mluisaprado/software-frontend/src/context/AuthContext.tsx": {"path":"/home/mluisaprado/software-frontend/src/context/AuthContext.tsx","statementMap":{"0":{"start":{"line":26,"column":20},"end":{"line":26,"column":73}},"1":{"start":{"line":38,"column":32},"end":{"line":44,"column":1}},"2":{"start":{"line":48,"column":2},"end":{"line":90,"column":3}},"3":{"start":{"line":50,"column":6},"end":{"line":50,"column":53}},"4":{"start":{"line":53,"column":6},"end":{"line":60,"column":8}},"5":{"start":{"line":63,"column":6},"end":{"line":70,"column":8}},"6":{"start":{"line":73,"column":6},"end":{"line":73,"column":67}},"7":{"start":{"line":76,"column":6},"end":{"line":76,"column":39}},"8":{"start":{"line":79,"column":6},"end":{"line":86,"column":8}},"9":{"start":{"line":89,"column":6},"end":{"line":89,"column":19}},"10":{"start":{"line":98,"column":28},"end":{"line":98,"column":65}},"11":{"start":{"line":101,"column":2},"end":{"line":131,"column":9}},"12":{"start":{"line":102,"column":25},"end":{"line":128,"column":5}},"13":{"start":{"line":103,"column":6},"end":{"line":127,"column":7}},"14":{"start":{"line":104,"column":22},"end":{"line":104,"column":56}},"15":{"start":{"line":105,"column":28},"end":{"line":105,"column":61}},"16":{"start":{"line":107,"column":8},"end":{"line":118,"column":9}},"17":{"start":{"line":108,"column":10},"end":{"line":117,"column":11}},"18":{"start":{"line":109,"column":31},"end":{"line":109,"column":54}},"19":{"start":{"line":110,"column":12},"end":{"line":110,"column":74}},"20":{"start":{"line":111,"column":12},"end":{"line":111,"column":19}},"21":{"start":{"line":113,"column":12},"end":{"line":116,"column":14}},"22":{"start":{"line":121,"column":8},"end":{"line":121,"column":46}},"23":{"start":{"line":122,"column":8},"end":{"line":122,"column":45}},"24":{"start":{"line":123,"column":8},"end":{"line":123,"column":58}},"25":{"start":{"line":125,"column":8},"end":{"line":125,"column":55}},"26":{"start":{"line":126,"column":8},"end":{"line":126,"column":58}},"27":{"start":{"line":130,"column":4},"end":{"line":130,"column":19}},"28":{"start":{"line":133,"column":16},"end":{"line":153,"column":3}},"29":{"start":{"line":134,"column":4},"end":{"line":152,"column":5}},"30":{"start":{"line":135,"column":6},"end":{"line":135,"column":55}},"31":{"start":{"line":136,"column":6},"end":{"line":136,"column":40}},"32":{"start":{"line":138,"column":37},"end":{"line":138,"column":73}},"33":{"start":{"line":141,"column":6},"end":{"line":141,"column":57}},"34":{"start":{"line":142,"column":6},"end":{"line":142,"column":71}},"35":{"start":{"line":144,"column":6},"end":{"line":147,"column":9}},"36":{"start":{"line":150,"column":8},"end":{"line":150,"column":67}},"37":{"start":{"line":151,"column":6},"end":{"line":151,"column":61}},"38":{"start":{"line":155,"column":19},"end":{"line":175,"column":3}},"39":{"start":{"line":156,"column":4},"end":{"line":174,"column":5}},"40":{"start":{"line":157,"column":6},"end":{"line":157,"column":55}},"41":{"start":{"line":158,"column":6},"end":{"line":158,"column":40}},"42":{"start":{"line":160,"column":37},"end":{"line":160,"column":76}},"43":{"start":{"line":163,"column":6},"end":{"line":163,"column":57}},"44":{"start":{"line":164,"column":6},"end":{"line":164,"column":71}},"45":{"start":{"line":166,"column":6},"end":{"line":169,"column":9}},"46":{"start":{"line":172,"column":8},"end":{"line":172,"column":64}},"47":{"start":{"line":173,"column":6},"end":{"line":173,"column":61}},"48":{"start":{"line":177,"column":17},"end":{"line":185,"column":3}},"49":{"start":{"line":178,"column":4},"end":{"line":184,"column":5}},"50":{"start":{"line":179,"column":6},"end":{"line":179,"column":44}},"51":{"start":{"line":180,"column":6},"end":{"line":180,"column":43}},"52":{"start":{"line":181,"column":6},"end":{"line":181,"column":35}},"53":{"start":{"line":183,"column":6},"end":{"line":183,"column":51}},"54":{"start":{"line":187,"column":21},"end":{"line":189,"column":3}},"55":{"start":{"line":188,"column":4},"end":{"line":188,"column":38}},"56":{"start":{"line":191,"column":33},"end":{"line":197,"column":3}},"57":{"start":{"line":199,"column":2},"end":{"line":199,"column":79}},"58":{"start":{"line":203,"column":18},"end":{"line":203,"column":41}},"59":{"start":{"line":204,"column":2},"end":{"line":206,"column":3}},"60":{"start":{"line":205,"column":4},"end":{"line":205,"column":67}},"61":{"start":{"line":207,"column":2},"end":{"line":207,"column":17}}},"fnMap":{"0":{"name":"authReducer","decl":{"start":{"line":47,"column":9},"end":{"line":47,"column":20}},"loc":{"start":{"line":47,"column":70},"end":{"line":91,"column":1}},"line":47},"1":{"name":"AuthProvider","decl":{"start":{"line":97,"column":16},"end":{"line":97,"column":28}},"loc":{"start":{"line":97,"column":62},"end":{"line":200,"column":1}},"line":97},"2":{"name":"(anonymous_2)","decl":{"start":{"line":101,"column":12},"end":{"line":101,"column":13}},"loc":{"start":{"line":101,"column":18},"end":{"line":131,"column":3}},"line":101},"3":{"name":"(anonymous_3)","decl":{"start":{"line":102,"column":25},"end":{"line":102,"column":26}},"loc":{"start":{"line":102,"column":37},"end":{"line":128,"column":5}},"line":102},"4":{"name":"(anonymous_4)","decl":{"start":{"line":133,"column":16},"end":{"line":133,"column":17}},"loc":{"start":{"line":133,"column":57},"end":{"line":153,"column":3}},"line":133},"5":{"name":"(anonymous_5)","decl":{"start":{"line":155,"column":19},"end":{"line":155,"column":20}},"loc":{"start":{"line":155,"column":63},"end":{"line":175,"column":3}},"line":155},"6":{"name":"(anonymous_6)","decl":{"start":{"line":177,"column":17},"end":{"line":177,"column":18}},"loc":{"start":{"line":177,"column":29},"end":{"line":185,"column":3}},"line":177},"7":{"name":"(anonymous_7)","decl":{"start":{"line":187,"column":21},"end":{"line":187,"column":22}},"loc":{"start":{"line":187,"column":27},"end":{"line":189,"column":3}},"line":187},"8":{"name":"useAuth","decl":{"start":{"line":202,"column":16},"end":{"line":202,"column":23}},"loc":{"start":{"line":202,"column":26},"end":{"line":208,"column":1}},"line":202}},"branchMap":{"0":{"loc":{"start":{"line":48,"column":2},"end":{"line":90,"column":3}},"type":"switch","locations":[{"start":{"line":49,"column":4},"end":{"line":50,"column":53}},{"start":{"line":52,"column":4},"end":{"line":60,"column":8}},{"start":{"line":62,"column":4},"end":{"line":70,"column":8}},{"start":{"line":72,"column":4},"end":{"line":73,"column":67}},{"start":{"line":75,"column":4},"end":{"line":76,"column":39}},{"start":{"line":78,"column":4},"end":{"line":86,"column":8}},{"start":{"line":88,"column":4},"end":{"line":89,"column":19}}],"line":48},"1":{"loc":{"start":{"line":107,"column":8},"end":{"line":118,"column":9}},"type":"if","locations":[{"start":{"line":107,"column":8},"end":{"line":118,"column":9}},{"start":{},"end":{}}],"line":107},"2":{"loc":{"start":{"line":107,"column":12},"end":{"line":107,"column":63}},"type":"binary-expr","locations":[{"start":{"line":107,"column":12},"end":{"line":107,"column":17}},{"start":{"line":107,"column":21},"end":{"line":107,"column":32}},{"start":{"line":107,"column":36},"end":{"line":107,"column":63}}],"line":107},"3":{"loc":{"start":{"line":150,"column":8},"end":{"line":150,"column":67}},"type":"binary-expr","locations":[{"start":{"line":150,"column":8},"end":{"line":150,"column":38}},{"start":{"line":150,"column":42},"end":{"line":150,"column":67}}],"line":150},"4":{"loc":{"start":{"line":172,"column":8},"end":{"line":172,"column":64}},"type":"binary-expr","locations":[{"start":{"line":172,"column":8},"end":{"line":172,"column":38}},{"start":{"line":172,"column":42},"end":{"line":172,"column":64}}],"line":172},"5":{"loc":{"start":{"line":204,"column":2},"end":{"line":206,"column":3}},"type":"if","locations":[{"start":{"line":204,"column":2},"end":{"line":206,"column":3}},{"start":{},"end":{}}],"line":204}},"s":{"0":0,"1":0,"2":0,"3":0,"4":0,"5":0,"6":0,"7":0,"8":0,"9":0,"10":0,"11":0,"12":0,"13":0,"14":0,"15":0,"16":0,"17":0,"18":0,"19":0,"20":0,"21":0,"22":0,"23":0,"24":0,"25":0,"26":0,"27":0,"28":0,"29":0,"30":0,"31":0,"32":0,"33":0,"34":0,"35":0,"36":0,"37":0,"38":0,"39":0,"40":0,"41":0,"42":0,"43":0,"44":0,"45":0,"46":0,"47":0,"48":0,"49":0,"50":0,"51":0,"52":0,"53":0,"54":0,"55":0,"56":0,"57":0,"58":0,"59":0,"60":0,"61":0},"f":{"0":0,"1":0,"2":0,"3":0,"4":0,"5":0,"6":0,"7":0,"8":0},"b":{"0":[0,0,0,0,0,0,0],"1":[0,0],"2":[0,0,0],"3":[0,0],"4":[0,0],"5":[0,0]}}
,"/home/mluisaprado/software-frontend/src/navigation/AppNavigator.tsx": {"path":"/home/mluisaprado/software-frontend/src/navigation/AppNavigator.tsx","statementMap":{"0":{"start":{"line":21,"column":14},"end":{"line":21,"column":36}},"1":{"start":{"line":22,"column":12},"end":{"line":22,"column":38}},"2":{"start":{"line":23,"column":17},"end":{"line":23,"column":39}},"3":{"start":{"line":27,"column":2},"end":{"line":38,"column":4}},"4":{"start":{"line":43,"column":2},"end":{"line":104,"column":4}},"5":{"start":{"line":69,"column":12},"end":{"line":69,"column":61}},"6":{"start":{"line":79,"column":12},"end":{"line":79,"column":61}},"7":{"start":{"line":89,"column":12},"end":{"line":89,"column":60}},"8":{"start":{"line":99,"column":12},"end":{"line":99,"column":61}},"9":{"start":{"line":108,"column":2},"end":{"line":150,"column":4}},"10":{"start":{"line":154,"column":27},"end":{"line":154,"column":36}},"11":{"start":{"line":155,"column":21},"end":{"line":155,"column":41}},"12":{"start":{"line":157,"column":2},"end":{"line":244,"column":4}},"13":{"start":{"line":207,"column":23},"end":{"line":207,"column":53}},"14":{"start":{"line":222,"column":23},"end":{"line":222,"column":61}},"15":{"start":{"line":249,"column":2},"end":{"line":254,"column":4}},"16":{"start":{"line":258,"column":41},"end":{"line":258,"column":50}},"17":{"start":{"line":260,"column":2},"end":{"line":262,"column":3}},"18":{"start":{"line":261,"column":4},"end":{"line":261,"column":29}},"19":{"start":{"line":264,"column":2},"end":{"line":268,"column":4}}},"fnMap":{"0":{"name":"AuthStack","decl":{"start":{"line":26,"column":9},"end":{"line":26,"column":18}},"loc":{"start":{"line":26,"column":21},"end":{"line":39,"column":1}},"line":26},"1":{"name":"MainTabs","decl":{"start":{"line":42,"column":9},"end":{"line":42,"column":17}},"loc":{"start":{"line":42,"column":20},"end":{"line":105,"column":1}},"line":42},"2":{"name":"(anonymous_2)","decl":{"start":{"line":68,"column":22},"end":{"line":68,"column":23}},"loc":{"start":{"line":69,"column":12},"end":{"line":69,"column":61}},"line":69},"3":{"name":"(anonymous_3)","decl":{"start":{"line":78,"column":22},"end":{"line":78,"column":23}},"loc":{"start":{"line":79,"column":12},"end":{"line":79,"column":61}},"line":79},"4":{"name":"(anonymous_4)","decl":{"start":{"line":88,"column":22},"end":{"line":88,"column":23}},"loc":{"start":{"line":89,"column":12},"end":{"line":89,"column":60}},"line":89},"5":{"name":"(anonymous_5)","decl":{"start":{"line":98,"column":22},"end":{"line":98,"column":23}},"loc":{"start":{"line":99,"column":12},"end":{"line":99,"column":61}},"line":99},"6":{"name":"AppStackNavigator","decl":{"start":{"line":107,"column":9},"end":{"line":107,"column":26}},"loc":{"start":{"line":107,"column":29},"end":{"line":151,"column":1}},"line":107},"7":{"name":"AccountScreen","decl":{"start":{"line":153,"column":9},"end":{"line":153,"column":22}},"loc":{"start":{"line":153,"column":25},"end":{"line":245,"column":1}},"line":153},"8":{"name":"(anonymous_8)","decl":{"start":{"line":207,"column":17},"end":{"line":207,"column":18}},"loc":{"start":{"line":207,"column":23},"end":{"line":207,"column":53}},"line":207},"9":{"name":"(anonymous_9)","decl":{"start":{"line":222,"column":17},"end":{"line":222,"column":18}},"loc":{"start":{"line":222,"column":23},"end":{"line":222,"column":61}},"line":222},"10":{"name":"LoadingScreen","decl":{"start":{"line":248,"column":9},"end":{"line":248,"column":22}},"loc":{"start":{"line":248,"column":25},"end":{"line":255,"column":1}},"line":248},"11":{"name":"AppNavigator","decl":{"start":{"line":257,"column":24},"end":{"line":257,"column":36}},"loc":{"start":{"line":257,"column":39},"end":{"line":269,"column":1}},"line":257}},"branchMap":{"0":{"loc":{"start":{"line":191,"column":9},"end":{"line":191,"column":32}},"type":"binary-expr","locations":[{"start":{"line":191,"column":9},"end":{"line":191,"column":19}},{"start":{"line":191,"column":23},"end":{"line":191,"column":32}}],"line":191},"1":{"loc":{"start":{"line":260,"column":2},"end":{"line":262,"column":3}},"type":"if","locations":[{"start":{"line":260,"column":2},"end":{"line":262,"column":3}},{"start":{},"end":{}}],"line":260},"2":{"loc":{"start":{"line":266,"column":7},"end":{"line":266,"column":62}},"type":"cond-expr","locations":[{"start":{"line":266,"column":25},"end":{"line":266,"column":46}},{"start":{"line":266,"column":49},"end":{"line":266,"column":62}}],"line":266}},"s":{"0":0,"1":0,"2":0,"3":0,"4":0,"5":0,"6":0,"7":0,"8":0,"9":0,"10":0,"11":0,"12":0,"13":0,"14":0,"15":0,"16":0,"17":0,"18":0,"19":0},"f":{"0":0,"1":0,"2":0,"3":0,"4":0,"5":0,"6":0,"7":0,"8":0,"9":0,"10":0,"11":0},"b":{"0":[0,0],"1":[0,0],"2":[0,0]}}
,"/home/mluisaprado/software-frontend/src/screens/HomeScreen.tsx": {"path":"/home/mluisaprado/software-frontend/src/screens/HomeScreen.tsx","statementMap":{"0":{"start":{"line":16,"column":19},"end":{"line":16,"column":28}},"1":{"start":{"line":18,"column":30},"end":{"line":23,"column":3}},"2":{"start":{"line":25,"column":22},"end":{"line":35,"column":3}},"3":{"start":{"line":37,"column":2},"end":{"line":214,"column":4}},"4":{"start":{"line":124,"column":16},"end":{"line":139,"column":28}},"5":{"start":{"line":152,"column":14},"end":{"line":206,"column":20}}},"fnMap":{"0":{"name":"HomeScreen","decl":{"start":{"line":15,"column":24},"end":{"line":15,"column":34}},"loc":{"start":{"line":15,"column":37},"end":{"line":215,"column":1}},"line":15},"1":{"name":"(anonymous_1)","decl":{"start":{"line":123,"column":39},"end":{"line":123,"column":40}},"loc":{"start":{"line":124,"column":16},"end":{"line":139,"column":28}},"line":124},"2":{"name":"(anonymous_2)","decl":{"start":{"line":151,"column":29},"end":{"line":151,"column":30}},"loc":{"start":{"line":152,"column":14},"end":{"line":206,"column":20}},"line":152}},"branchMap":{"0":{"loc":{"start":{"line":45,"column":32},"end":{"line":45,"column":70}},"type":"binary-expr","locations":[{"start":{"line":45,"column":32},"end":{"line":45,"column":57}},{"start":{"line":45,"column":61},"end":{"line":45,"column":70}}],"line":45},"1":{"loc":{"start":{"line":63,"column":19},"end":{"line":63,"column":52}},"type":"binary-expr","locations":[{"start":{"line":63,"column":19},"end":{"line":63,"column":29}},{"start":{"line":63,"column":33},"end":{"line":63,"column":52}}],"line":63}},"s":{"0":0,"1":0,"2":0,"3":0,"4":0,"5":0},"f":{"0":0,"1":0,"2":0},"b":{"0":[0,0],"1":[0,0]}}
,"/home/mluisaprado/software-frontend/src/screens/LoginScreen.tsx": {"path":"/home/mluisaprado/software-frontend/src/screens/LoginScreen.tsx","statementMap":{"0":{"start":{"line":26,"column":50},"end":{"line":26,"column":59}},"1":{"start":{"line":27,"column":16},"end":{"line":27,"column":26}},"2":{"start":{"line":28,"column":40},"end":{"line":31,"column":4}},"3":{"start":{"line":32,"column":50},"end":{"line":32,"column":89}},"4":{"start":{"line":34,"column":24},"end":{"line":41,"column":3}},"5":{"start":{"line":35,"column":4},"end":{"line":40,"column":7}},"6":{"start":{"line":43,"column":23},"end":{"line":60,"column":3}},"7":{"start":{"line":44,"column":46},"end":{"line":44,"column":48}},"8":{"start":{"line":46,"column":4},"end":{"line":50,"column":5}},"9":{"start":{"line":47,"column":6},"end":{"line":47,"column":45}},"10":{"start":{"line":48,"column":11},"end":{"line":50,"column":5}},"11":{"start":{"line":49,"column":6},"end":{"line":49,"column":45}},"12":{"start":{"line":52,"column":4},"end":{"line":56,"column":5}},"13":{"start":{"line":53,"column":6},"end":{"line":53,"column":53}},"14":{"start":{"line":54,"column":11},"end":{"line":56,"column":5}},"15":{"start":{"line":55,"column":6},"end":{"line":55,"column":73}},"16":{"start":{"line":58,"column":4},"end":{"line":58,"column":32}},"17":{"start":{"line":59,"column":4},"end":{"line":59,"column":44}},"18":{"start":{"line":62,"column":22},"end":{"line":76,"column":3}},"19":{"start":{"line":63,"column":4},"end":{"line":63,"column":32}},"20":{"start":{"line":63,"column":25},"end":{"line":63,"column":32}},"21":{"start":{"line":65,"column":4},"end":{"line":65,"column":17}},"22":{"start":{"line":66,"column":4},"end":{"line":75,"column":5}},"23":{"start":{"line":67,"column":6},"end":{"line":67,"column":31}},"24":{"start":{"line":68,"column":6},"end":{"line":72,"column":9}},"25":{"start":{"line":74,"column":6},"end":{"line":74,"column":77}},"26":{"start":{"line":78,"column":28},"end":{"line":83,"column":3}},"27":{"start":{"line":79,"column":4},"end":{"line":79,"column":60}},"28":{"start":{"line":79,"column":30},"end":{"line":79,"column":57}},"29":{"start":{"line":80,"column":4},"end":{"line":82,"column":5}},"30":{"start":{"line":81,"column":6},"end":{"line":81,"column":71}},"31":{"start":{"line":81,"column":37},"end":{"line":81,"column":68}},"32":{"start":{"line":85,"column":2},"end":{"line":163,"column":4}},"33":{"start":{"line":108,"column":51},"end":{"line":108,"column":84}},"34":{"start":{"line":122,"column":51},"end":{"line":122,"column":87}},"35":{"start":{"line":154,"column":31},"end":{"line":154,"column":62}}},"fnMap":{"0":{"name":"LoginScreen","decl":{"start":{"line":25,"column":24},"end":{"line":25,"column":35}},"loc":{"start":{"line":25,"column":70},"end":{"line":164,"column":1}},"line":25},"1":{"name":"(anonymous_1)","decl":{"start":{"line":34,"column":24},"end":{"line":34,"column":25}},"loc":{"start":{"line":34,"column":45},"end":{"line":41,"column":3}},"line":34},"2":{"name":"(anonymous_2)","decl":{"start":{"line":43,"column":23},"end":{"line":43,"column":24}},"loc":{"start":{"line":43,"column":38},"end":{"line":60,"column":3}},"line":43},"3":{"name":"(anonymous_3)","decl":{"start":{"line":62,"column":22},"end":{"line":62,"column":23}},"loc":{"start":{"line":62,"column":34},"end":{"line":76,"column":3}},"line":62},"4":{"name":"(anonymous_4)","decl":{"start":{"line":78,"column":28},"end":{"line":78,"column":29}},"loc":{"start":{"line":78,"column":78},"end":{"line":83,"column":3}},"line":78},"5":{"name":"(anonymous_5)","decl":{"start":{"line":79,"column":19},"end":{"line":79,"column":20}},"loc":{"start":{"line":79,"column":30},"end":{"line":79,"column":57}},"line":79},"6":{"name":"(anonymous_6)","decl":{"start":{"line":81,"column":26},"end":{"line":81,"column":27}},"loc":{"start":{"line":81,"column":37},"end":{"line":81,"column":68}},"line":81},"7":{"name":"(anonymous_7)","decl":{"start":{"line":108,"column":32},"end":{"line":108,"column":33}},"loc":{"start":{"line":108,"column":51},"end":{"line":108,"column":84}},"line":108},"8":{"name":"(anonymous_8)","decl":{"start":{"line":122,"column":32},"end":{"line":122,"column":33}},"loc":{"start":{"line":122,"column":51},"end":{"line":122,"column":87}},"line":122},"9":{"name":"(anonymous_9)","decl":{"start":{"line":154,"column":25},"end":{"line":154,"column":26}},"loc":{"start":{"line":154,"column":31},"end":{"line":154,"column":62}},"line":154}},"branchMap":{"0":{"loc":{"start":{"line":46,"column":4},"end":{"line":50,"column":5}},"type":"if","locations":[{"start":{"line":46,"column":4},"end":{"line":50,"column":5}},{"start":{"line":48,"column":11},"end":{"line":50,"column":5}}],"line":46},"1":{"loc":{"start":{"line":48,"column":11},"end":{"line":50,"column":5}},"type":"if","locations":[{"start":{"line":48,"column":11},"end":{"line":50,"column":5}},{"start":{},"end":{}}],"line":48},"2":{"loc":{"start":{"line":52,"column":4},"end":{"line":56,"column":5}},"type":"if","locations":[{"start":{"line":52,"column":4},"end":{"line":56,"column":5}},{"start":{"line":54,"column":11},"end":{"line":56,"column":5}}],"line":52},"3":{"loc":{"start":{"line":54,"column":11},"end":{"line":56,"column":5}},"type":"if","locations":[{"start":{"line":54,"column":11},"end":{"line":56,"column":5}},{"start":{},"end":{}}],"line":54},"4":{"loc":{"start":{"line":63,"column":4},"end":{"line":63,"column":32}},"type":"if","locations":[{"start":{"line":63,"column":4},"end":{"line":63,"column":32}},{"start":{},"end":{}}],"line":63},"5":{"loc":{"start":{"line":80,"column":4},"end":{"line":82,"column":5}},"type":"if","locations":[{"start":{"line":80,"column":4},"end":{"line":82,"column":5}},{"start":{},"end":{}}],"line":80},"6":{"loc":{"start":{"line":88,"column":16},"end":{"line":88,"column":60}},"type":"cond-expr","locations":[{"start":{"line":88,"column":40},"end":{"line":88,"column":49}},{"start":{"line":88,"column":52},"end":{"line":88,"column":60}}],"line":88},"7":{"loc":{"start":{"line":131,"column":15},"end":{"line":138,"column":15}},"type":"binary-expr","locations":[{"start":{"line":131,"column":15},"end":{"line":131,"column":20}},{"start":{"line":132,"column":16},"end":{"line":137,"column":24}}],"line":131}},"s":{"0":0,"1":0,"2":0,"3":0,"4":0,"5":0,"6":0,"7":0,"8":0,"9":0,"10":0,"11":0,"12":0,"13":0,"14":0,"15":0,"16":0,"17":0,"18":0,"19":0,"20":0,"21":0,"22":0,"23":0,"24":0,"25":0,"26":0,"27":0,"28":0,"29":0,"30":0,"31":0,"32":0,"33":0,"34":0,"35":0},"f":{"0":0,"1":0,"2":0,"3":0,"4":0,"5":0,"6":0,"7":0,"8":0,"9":0},"b":{"0":[0,0],"1":[0,0],"2":[0,0],"3":[0,0],"4":[0,0],"5":[0,0],"6":[0,0],"7":[0,0]}}
,"/home/mluisaprado/software-frontend/src/screens/MyTripsScreen.tsx": {"path":"/home/mluisaprado/software-frontend/src/screens/MyTripsScreen.tsx","statementMap":{"0":{"start":{"line":20,"column":19},"end":{"line":20,"column":28}},"1":{"start":{"line":21,"column":28},"end":{"line":21,"column":48}},"2":{"start":{"line":22,"column":36},"end":{"line":22,"column":51}},"3":{"start":{"line":23,"column":16},"end":{"line":23,"column":26}},"4":{"start":{"line":24,"column":21},"end":{"line":24,"column":41}},"5":{"start":{"line":26,"column":20},"end":{"line":44,"column":19}},"6":{"start":{"line":27,"column":4},"end":{"line":27,"column":26}},"7":{"start":{"line":27,"column":19},"end":{"line":27,"column":26}},"8":{"start":{"line":28,"column":4},"end":{"line":28,"column":23}},"9":{"start":{"line":29,"column":4},"end":{"line":43,"column":5}},"10":{"start":{"line":31,"column":23},"end":{"line":31,"column":69}},"11":{"start":{"line":32,"column":22},"end":{"line":32,"column":70}},"12":{"start":{"line":32,"column":45},"end":{"line":32,"column":69}},"13":{"start":{"line":33,"column":6},"end":{"line":33,"column":24}},"14":{"start":{"line":35,"column":6},"end":{"line":40,"column":9}},"15":{"start":{"line":42,"column":6},"end":{"line":42,"column":26}},"16":{"start":{"line":46,"column":2},"end":{"line":48,"column":18}},"17":{"start":{"line":47,"column":4},"end":{"line":47,"column":16}},"18":{"start":{"line":50,"column":21},"end":{"line":96,"column":3}},"19":{"start":{"line":51,"column":26},"end":{"line":51,"column":55}},"20":{"start":{"line":52,"column":26},"end":{"line":55,"column":6}},"21":{"start":{"line":57,"column":4},"end":{"line":95,"column":6}},"22":{"start":{"line":84,"column":14},"end":{"line":88,"column":16}},"23":{"start":{"line":98,"column":2},"end":{"line":130,"column":4}},"24":{"start":{"line":125,"column":34},"end":{"line":125,"column":52}}},"fnMap":{"0":{"name":"MyTripsScreen","decl":{"start":{"line":19,"column":24},"end":{"line":19,"column":37}},"loc":{"start":{"line":19,"column":40},"end":{"line":131,"column":1}},"line":19},"1":{"name":"(anonymous_1)","decl":{"start":{"line":26,"column":32},"end":{"line":26,"column":33}},"loc":{"start":{"line":26,"column":44},"end":{"line":44,"column":3}},"line":26},"2":{"name":"(anonymous_2)","decl":{"start":{"line":32,"column":38},"end":{"line":32,"column":39}},"loc":{"start":{"line":32,"column":45},"end":{"line":32,"column":69}},"line":32},"3":{"name":"(anonymous_3)","decl":{"start":{"line":46,"column":12},"end":{"line":46,"column":13}},"loc":{"start":{"line":46,"column":18},"end":{"line":48,"column":3}},"line":46},"4":{"name":"(anonymous_4)","decl":{"start":{"line":50,"column":21},"end":{"line":50,"column":22}},"loc":{"start":{"line":50,"column":51},"end":{"line":96,"column":3}},"line":50},"5":{"name":"(anonymous_5)","decl":{"start":{"line":83,"column":21},"end":{"line":83,"column":22}},"loc":{"start":{"line":84,"column":14},"end":{"line":88,"column":16}},"line":84},"6":{"name":"(anonymous_6)","decl":{"start":{"line":125,"column":24},"end":{"line":125,"column":25}},"loc":{"start":{"line":125,"column":34},"end":{"line":125,"column":52}},"line":125}},"branchMap":{"0":{"loc":{"start":{"line":27,"column":4},"end":{"line":27,"column":26}},"type":"if","locations":[{"start":{"line":27,"column":4},"end":{"line":27,"column":26}},{"start":{},"end":{}}],"line":27},"1":{"loc":{"start":{"line":38,"column":10},"end":{"line":38,"column":79}},"type":"binary-expr","locations":[{"start":{"line":38,"column":10},"end":{"line":38,"column":40}},{"start":{"line":38,"column":44},"end":{"line":38,"column":79}}],"line":38},"2":{"loc":{"start":{"line":104,"column":7},"end":{"line":128,"column":7}},"type":"cond-expr","locations":[{"start":{"line":105,"column":8},"end":{"line":108,"column":17}},{"start":{"line":109,"column":10},"end":{"line":128,"column":7}}],"line":104},"3":{"loc":{"start":{"line":109,"column":10},"end":{"line":128,"column":7}},"type":"cond-expr","locations":[{"start":{"line":110,"column":8},"end":{"line":120,"column":14}},{"start":{"line":122,"column":8},"end":{"line":127,"column":10}}],"line":109}},"s":{"0":0,"1":0,"2":0,"3":0,"4":0,"5":0,"6":0,"7":0,"8":0,"9":0,"10":0,"11":0,"12":0,"13":0,"14":0,"15":0,"16":0,"17":0,"18":0,"19":0,"20":0,"21":0,"22":0,"23":0,"24":0},"f":{"0":0,"1":0,"2":0,"3":0,"4":0,"5":0,"6":0},"b":{"0":[0,0],"1":[0,0],"2":[0,0],"3":[0,0]}}
,"/home/mluisaprado/software-frontend/src/screens/MyUpcomingTripsScreen.tsx": {"path":"/home/mluisaprado/software-frontend/src/screens/MyUpcomingTripsScreen.tsx","statementMap":{"0":{"start":{"line":21,"column":28},"end":{"line":21,"column":63}},"1":{"start":{"line":22,"column":36},"end":{"line":22,"column":51}},"2":{"start":{"line":23,"column":16},"end":{"line":23,"column":26}},"3":{"start":{"line":24,"column":21},"end":{"line":24,"column":41}},"4":{"start":{"line":26,"column":23},"end":{"line":43,"column":13}},"5":{"start":{"line":27,"column":4},"end":{"line":27,"column":23}},"6":{"start":{"line":28,"column":4},"end":{"line":42,"column":5}},"7":{"start":{"line":29,"column":19},"end":{"line":29,"column":65}},"8":{"start":{"line":30,"column":6},"end":{"line":30,"column":21}},"9":{"start":{"line":32,"column":6},"end":{"line":32,"column":63}},"10":{"start":{"line":33,"column":6},"end":{"line":39,"column":9}},"11":{"start":{"line":41,"column":6},"end":{"line":41,"column":26}},"12":{"start":{"line":45,"column":2},"end":{"line":47,"column":21}},"13":{"start":{"line":46,"column":4},"end":{"line":46,"column":19}},"14":{"start":{"line":49,"column":21},"end":{"line":137,"column":3}},"15":{"start":{"line":50,"column":27},"end":{"line":50,"column":31}},"16":{"start":{"line":51,"column":4},"end":{"line":51,"column":27}},"17":{"start":{"line":51,"column":15},"end":{"line":51,"column":27}},"18":{"start":{"line":53,"column":26},"end":{"line":53,"column":55}},"19":{"start":{"line":54,"column":26},"end":{"line":57,"column":6}},"20":{"start":{"line":59,"column":23},"end":{"line":59,"column":55}},"21":{"start":{"line":61,"column":24},"end":{"line":61,"column":44}},"22":{"start":{"line":62,"column":21},"end":{"line":62,"column":38}},"23":{"start":{"line":64,"column":4},"end":{"line":136,"column":6}},"24":{"start":{"line":107,"column":16},"end":{"line":111,"column":18}},"25":{"start":{"line":124,"column":16},"end":{"line":128,"column":18}},"26":{"start":{"line":139,"column":2},"end":{"line":171,"column":4}},"27":{"start":{"line":166,"column":34},"end":{"line":166,"column":59}}},"fnMap":{"0":{"name":"MyUpcomingTripsScreen","decl":{"start":{"line":20,"column":24},"end":{"line":20,"column":45}},"loc":{"start":{"line":20,"column":48},"end":{"line":172,"column":1}},"line":20},"1":{"name":"(anonymous_1)","decl":{"start":{"line":26,"column":35},"end":{"line":26,"column":36}},"loc":{"start":{"line":26,"column":47},"end":{"line":43,"column":3}},"line":26},"2":{"name":"(anonymous_2)","decl":{"start":{"line":45,"column":12},"end":{"line":45,"column":13}},"loc":{"start":{"line":45,"column":18},"end":{"line":47,"column":3}},"line":45},"3":{"name":"(anonymous_3)","decl":{"start":{"line":49,"column":21},"end":{"line":49,"column":22}},"loc":{"start":{"line":49,"column":66},"end":{"line":137,"column":3}},"line":49},"4":{"name":"(anonymous_4)","decl":{"start":{"line":106,"column":23},"end":{"line":106,"column":24}},"loc":{"start":{"line":107,"column":16},"end":{"line":111,"column":18}},"line":107},"5":{"name":"(anonymous_5)","decl":{"start":{"line":123,"column":23},"end":{"line":123,"column":24}},"loc":{"start":{"line":124,"column":16},"end":{"line":128,"column":18}},"line":124},"6":{"name":"(anonymous_6)","decl":{"start":{"line":166,"column":24},"end":{"line":166,"column":25}},"loc":{"start":{"line":166,"column":34},"end":{"line":166,"column":59}},"line":166}},"branchMap":{"0":{"loc":{"start":{"line":36,"column":10},"end":{"line":37,"column":54}},"type":"binary-expr","locations":[{"start":{"line":36,"column":10},"end":{"line":36,"column":40}},{"start":{"line":37,"column":10},"end":{"line":37,"column":54}}],"line":36},"1":{"loc":{"start":{"line":51,"column":4},"end":{"line":51,"column":27}},"type":"if","locations":[{"start":{"line":51,"column":4},"end":{"line":51,"column":27}},{"start":{},"end":{}}],"line":51},"2":{"loc":{"start":{"line":59,"column":23},"end":{"line":59,"column":55}},"type":"binary-expr","locations":[{"start":{"line":59,"column":23},"end":{"line":59,"column":40}},{"start":{"line":59,"column":44},"end":{"line":59,"column":55}}],"line":59},"3":{"loc":{"start":{"line":84,"column":15},"end":{"line":88,"column":15}},"type":"binary-expr","locations":[{"start":{"line":84,"column":15},"end":{"line":84,"column":26}},{"start":{"line":85,"column":16},"end":{"line":87,"column":23}}],"line":84},"4":{"loc":{"start":{"line":92,"column":27},"end":{"line":92,"column":59}},"type":"cond-expr","locations":[{"start":{"line":92,"column":38},"end":{"line":92,"column":47}},{"start":{"line":92,"column":50},"end":{"line":92,"column":59}}],"line":92},"5":{"loc":{"start":{"line":96,"column":15},"end":{"line":96,"column":59}},"type":"cond-expr","locations":[{"start":{"line":96,"column":26},"end":{"line":96,"column":39}},{"start":{"line":96,"column":42},"end":{"line":96,"column":59}}],"line":96},"6":{"loc":{"start":{"line":100,"column":11},"end":{"line":116,"column":11}},"type":"binary-expr","locations":[{"start":{"line":100,"column":11},"end":{"line":100,"column":22}},{"start":{"line":101,"column":12},"end":{"line":115,"column":21}}],"line":100},"7":{"loc":{"start":{"line":118,"column":11},"end":{"line":133,"column":11}},"type":"binary-expr","locations":[{"start":{"line":118,"column":11},"end":{"line":118,"column":19}},{"start":{"line":119,"column":12},"end":{"line":132,"column":21}}],"line":118},"8":{"loc":{"start":{"line":145,"column":7},"end":{"line":169,"column":7}},"type":"cond-expr","locations":[{"start":{"line":146,"column":8},"end":{"line":149,"column":17}},{"start":{"line":150,"column":10},"end":{"line":169,"column":7}}],"line":145},"9":{"loc":{"start":{"line":150,"column":10},"end":{"line":169,"column":7}},"type":"cond-expr","locations":[{"start":{"line":151,"column":8},"end":{"line":161,"column":14}},{"start":{"line":163,"column":8},"end":{"line":168,"column":10}}],"line":150}},"s":{"0":0,"1":0,"2":0,"3":0,"4":0,"5":0,"6":0,"7":0,"8":0,"9":0,"10":0,"11":0,"12":0,"13":0,"14":0,"15":0,"16":0,"17":0,"18":0,"19":0,"20":0,"21":0,"22":0,"23":0,"24":0,"25":0,"26":0,"27":0},"f":{"0":0,"1":0,"2":0,"3":0,"4":0,"5":0,"6":0},"b":{"0":[0,0],"1":[0,0],"2":[0,0],"3":[0,0],"4":[0,0],"5":[0,0],"6":[0,0],"7":[0,0],"8":[0,0],"9":[0,0]}}
,"/home/mluisaprado/software-frontend/src/screens/ProfileScreen.tsx": {"path":"/home/mluisaprado/software-frontend/src/screens/ProfileScreen.tsx","statementMap":{"0":{"start":{"line":20,"column":16},"end":{"line":20,"column":26}},"1":{"start":{"line":21,"column":21},"end":{"line":21,"column":64}},"2":{"start":{"line":23,"column":26},"end":{"line":23,"column":53}},"3":{"start":{"line":24,"column":32},"end":{"line":24,"column":46}},"4":{"start":{"line":25,"column":28},"end":{"line":25,"column":57}},"5":{"start":{"line":27,"column":2},"end":{"line":49,"column":15}},"6":{"start":{"line":28,"column":22},"end":{"line":46,"column":5}},"7":{"start":{"line":29,"column":6},"end":{"line":45,"column":7}},"8":{"start":{"line":30,"column":24},"end":{"line":30,"column":90}},"9":{"start":{"line":32,"column":25},"end":{"line":32,"column":66}},"10":{"start":{"line":34,"column":8},"end":{"line":36,"column":9}},"11":{"start":{"line":35,"column":10},"end":{"line":35,"column":57}},"12":{"start":{"line":38,"column":21},"end":{"line":38,"column":42}},"13":{"start":{"line":39,"column":8},"end":{"line":39,"column":22}},"14":{"start":{"line":41,"column":8},"end":{"line":41,"column":27}},"15":{"start":{"line":42,"column":8},"end":{"line":42,"column":46}},"16":{"start":{"line":44,"column":8},"end":{"line":44,"column":26}},"17":{"start":{"line":48,"column":4},"end":{"line":48,"column":16}},"18":{"start":{"line":51,"column":2},"end":{"line":58,"column":3}},"19":{"start":{"line":52,"column":4},"end":{"line":57,"column":6}},"20":{"start":{"line":60,"column":2},"end":{"line":66,"column":3}},"21":{"start":{"line":61,"column":4},"end":{"line":65,"column":6}},"22":{"start":{"line":68,"column":2},"end":{"line":80,"column":4}}},"fnMap":{"0":{"name":"ProfileScreen","decl":{"start":{"line":19,"column":24},"end":{"line":19,"column":37}},"loc":{"start":{"line":19,"column":40},"end":{"line":81,"column":1}},"line":19},"1":{"name":"(anonymous_1)","decl":{"start":{"line":27,"column":12},"end":{"line":27,"column":13}},"loc":{"start":{"line":27,"column":18},"end":{"line":49,"column":3}},"line":27},"2":{"name":"(anonymous_2)","decl":{"start":{"line":28,"column":22},"end":{"line":28,"column":23}},"loc":{"start":{"line":28,"column":34},"end":{"line":46,"column":5}},"line":28}},"branchMap":{"0":{"loc":{"start":{"line":21,"column":21},"end":{"line":21,"column":64}},"type":"binary-expr","locations":[{"start":{"line":21,"column":22},"end":{"line":21,"column":57}},{"start":{"line":21,"column":62},"end":{"line":21,"column":64}}],"line":21},"1":{"loc":{"start":{"line":30,"column":24},"end":{"line":30,"column":90}},"type":"binary-expr","locations":[{"start":{"line":30,"column":24},"end":{"line":30,"column":59}},{"start":{"line":30,"column":63},"end":{"line":30,"column":90}}],"line":30},"2":{"loc":{"start":{"line":34,"column":8},"end":{"line":36,"column":9}},"type":"if","locations":[{"start":{"line":34,"column":8},"end":{"line":36,"column":9}},{"start":{},"end":{}}],"line":34},"3":{"loc":{"start":{"line":51,"column":2},"end":{"line":58,"column":3}},"type":"if","locations":[{"start":{"line":51,"column":2},"end":{"line":58,"column":3}},{"start":{},"end":{}}],"line":51},"4":{"loc":{"start":{"line":60,"column":2},"end":{"line":66,"column":3}},"type":"if","locations":[{"start":{"line":60,"column":2},"end":{"line":66,"column":3}},{"start":{},"end":{}}],"line":60},"5":{"loc":{"start":{"line":60,"column":6},"end":{"line":60,"column":20}},"type":"binary-expr","locations":[{"start":{"line":60,"column":6},"end":{"line":60,"column":11}},{"start":{"line":60,"column":15},"end":{"line":60,"column":20}}],"line":60},"6":{"loc":{"start":{"line":63,"column":15},"end":{"line":63,"column":47}},"type":"binary-expr","locations":[{"start":{"line":63,"column":15},"end":{"line":63,"column":20}},{"start":{"line":63,"column":24},"end":{"line":63,"column":47}}],"line":63},"7":{"loc":{"start":{"line":72,"column":9},"end":{"line":76,"column":9}},"type":"binary-expr","locations":[{"start":{"line":72,"column":9},"end":{"line":72,"column":19}},{"start":{"line":73,"column":10},"end":{"line":75,"column":17}}],"line":72}},"s":{"0":0,"1":0,"2":0,"3":0,"4":0,"5":0,"6":0,"7":0,"8":0,"9":0,"10":0,"11":0,"12":0,"13":0,"14":0,"15":0,"16":0,"17":0,"18":0,"19":0,"20":0,"21":0,"22":0},"f":{"0":0,"1":0,"2":0},"b":{"0":[0,0],"1":[0,0],"2":[0,0],"3":[0,0],"4":[0,0],"5":[0,0],"6":[0,0],"7":[0,0]}}
,"/home/mluisaprado/software-frontend/src/screens/RegisterScreen.tsx": {"path":"/home/mluisaprado/software-frontend/src/screens/RegisterScreen.tsx","statementMap":{"0":{"start":{"line":26,"column":53},"end":{"line":26,"column":62}},"1":{"start":{"line":27,"column":16},"end":{"line":27,"column":26}},"2":{"start":{"line":28,"column":40},"end":{"line":33,"column":4}},"3":{"start":{"line":34,"column":50},"end":{"line":34,"column":92}},"4":{"start":{"line":36,"column":28},"end":{"line":43,"column":3}},"5":{"start":{"line":37,"column":4},"end":{"line":42,"column":7}},"6":{"start":{"line":45,"column":23},"end":{"line":74,"column":3}},"7":{"start":{"line":46,"column":49},"end":{"line":46,"column":51}},"8":{"start":{"line":48,"column":4},"end":{"line":52,"column":5}},"9":{"start":{"line":49,"column":6},"end":{"line":49,"column":45}},"10":{"start":{"line":50,"column":11},"end":{"line":52,"column":5}},"11":{"start":{"line":51,"column":6},"end":{"line":51,"column":65}},"12":{"start":{"line":54,"column":4},"end":{"line":58,"column":5}},"13":{"start":{"line":55,"column":6},"end":{"line":55,"column":45}},"14":{"start":{"line":56,"column":11},"end":{"line":58,"column":5}},"15":{"start":{"line":57,"column":6},"end":{"line":57,"column":45}},"16":{"start":{"line":60,"column":4},"end":{"line":64,"column":5}},"17":{"start":{"line":61,"column":6},"end":{"line":61,"column":53}},"18":{"start":{"line":62,"column":11},"end":{"line":64,"column":5}},"19":{"start":{"line":63,"column":6},"end":{"line":63,"column":73}},"20":{"start":{"line":66,"column":4},"end":{"line":70,"column":5}},"21":{"start":{"line":67,"column":6},"end":{"line":67,"column":56}},"22":{"start":{"line":68,"column":11},"end":{"line":70,"column":5}},"23":{"start":{"line":69,"column":6},"end":{"line":69,"column":62}},"24":{"start":{"line":72,"column":4},"end":{"line":72,"column":32}},"25":{"start":{"line":73,"column":4},"end":{"line":73,"column":44}},"26":{"start":{"line":76,"column":25},"end":{"line":85,"column":3}},"27":{"start":{"line":77,"column":4},"end":{"line":77,"column":32}},"28":{"start":{"line":77,"column":25},"end":{"line":77,"column":32}},"29":{"start":{"line":79,"column":4},"end":{"line":79,"column":17}},"30":{"start":{"line":80,"column":4},"end":{"line":84,"column":5}},"31":{"start":{"line":81,"column":6},"end":{"line":81,"column":34}},"32":{"start":{"line":83,"column":6},"end":{"line":83,"column":75}},"33":{"start":{"line":87,"column":28},"end":{"line":92,"column":3}},"34":{"start":{"line":88,"column":4},"end":{"line":88,"column":60}},"35":{"start":{"line":88,"column":30},"end":{"line":88,"column":57}},"36":{"start":{"line":89,"column":4},"end":{"line":91,"column":5}},"37":{"start":{"line":90,"column":6},"end":{"line":90,"column":71}},"38":{"start":{"line":90,"column":37},"end":{"line":90,"column":68}},"39":{"start":{"line":94,"column":2},"end":{"line":197,"column":4}},"40":{"start":{"line":117,"column":51},"end":{"line":117,"column":83}},"41":{"start":{"line":129,"column":51},"end":{"line":129,"column":84}},"42":{"start":{"line":143,"column":51},"end":{"line":143,"column":87}},"43":{"start":{"line":156,"column":51},"end":{"line":156,"column":94}},"44":{"start":{"line":188,"column":31},"end":{"line":188,"column":59}}},"fnMap":{"0":{"name":"RegisterScreen","decl":{"start":{"line":25,"column":24},"end":{"line":25,"column":38}},"loc":{"start":{"line":25,"column":76},"end":{"line":198,"column":1}},"line":25},"1":{"name":"(anonymous_1)","decl":{"start":{"line":36,"column":28},"end":{"line":36,"column":29}},"loc":{"start":{"line":36,"column":49},"end":{"line":43,"column":3}},"line":36},"2":{"name":"(anonymous_2)","decl":{"start":{"line":45,"column":23},"end":{"line":45,"column":24}},"loc":{"start":{"line":45,"column":38},"end":{"line":74,"column":3}},"line":45},"3":{"name":"(anonymous_3)","decl":{"start":{"line":76,"column":25},"end":{"line":76,"column":26}},"loc":{"start":{"line":76,"column":37},"end":{"line":85,"column":3}},"line":76},"4":{"name":"(anonymous_4)","decl":{"start":{"line":87,"column":28},"end":{"line":87,"column":29}},"loc":{"start":{"line":87,"column":81},"end":{"line":92,"column":3}},"line":87},"5":{"name":"(anonymous_5)","decl":{"start":{"line":88,"column":19},"end":{"line":88,"column":20}},"loc":{"start":{"line":88,"column":30},"end":{"line":88,"column":57}},"line":88},"6":{"name":"(anonymous_6)","decl":{"start":{"line":90,"column":26},"end":{"line":90,"column":27}},"loc":{"start":{"line":90,"column":37},"end":{"line":90,"column":68}},"line":90},"7":{"name":"(anonymous_7)","decl":{"start":{"line":117,"column":32},"end":{"line":117,"column":33}},"loc":{"start":{"line":117,"column":51},"end":{"line":117,"column":83}},"line":117},"8":{"name":"(anonymous_8)","decl":{"start":{"line":129,"column":32},"end":{"line":129,"column":33}},"loc":{"start":{"line":129,"column":51},"end":{"line":129,"column":84}},"line":129},"9":{"name":"(anonymous_9)","decl":{"start":{"line":143,"column":32},"end":{"line":143,"column":33}},"loc":{"start":{"line":143,"column":51},"end":{"line":143,"column":87}},"line":143},"10":{"name":"(anonymous_10)","decl":{"start":{"line":156,"column":32},"end":{"line":156,"column":33}},"loc":{"start":{"line":156,"column":51},"end":{"line":156,"column":94}},"line":156},"11":{"name":"(anonymous_11)","decl":{"start":{"line":188,"column":25},"end":{"line":188,"column":26}},"loc":{"start":{"line":188,"column":31},"end":{"line":188,"column":59}},"line":188}},"branchMap":{"0":{"loc":{"start":{"line":48,"column":4},"end":{"line":52,"column":5}},"type":"if","locations":[{"start":{"line":48,"column":4},"end":{"line":52,"column":5}},{"start":{"line":50,"column":11},"end":{"line":52,"column":5}}],"line":48},"1":{"loc":{"start":{"line":50,"column":11},"end":{"line":52,"column":5}},"type":"if","locations":[{"start":{"line":50,"column":11},"end":{"line":52,"column":5}},{"start":{},"end":{}}],"line":50},"2":{"loc":{"start":{"line":54,"column":4},"end":{"line":58,"column":5}},"type":"if","locations":[{"start":{"line":54,"column":4},"end":{"line":58,"column":5}},{"start":{"line":56,"column":11},"end":{"line":58,"column":5}}],"line":54},"3":{"loc":{"start":{"line":56,"column":11},"end":{"line":58,"column":5}},"type":"if","locations":[{"start":{"line":56,"column":11},"end":{"line":58,"column":5}},{"start":{},"end":{}}],"line":56},"4":{"loc":{"start":{"line":60,"column":4},"end":{"line":64,"column":5}},"type":"if","locations":[{"start":{"line":60,"column":4},"end":{"line":64,"column":5}},{"start":{"line":62,"column":11},"end":{"line":64,"column":5}}],"line":60},"5":{"loc":{"start":{"line":62,"column":11},"end":{"line":64,"column":5}},"type":"if","locations":[{"start":{"line":62,"column":11},"end":{"line":64,"column":5}},{"start":{},"end":{}}],"line":62},"6":{"loc":{"start":{"line":66,"column":4},"end":{"line":70,"column":5}},"type":"if","locations":[{"start":{"line":66,"column":4},"end":{"line":70,"column":5}},{"start":{"line":68,"column":11},"end":{"line":70,"column":5}}],"line":66},"7":{"loc":{"start":{"line":68,"column":11},"end":{"line":70,"column":5}},"type":"if","locations":[{"start":{"line":68,"column":11},"end":{"line":70,"column":5}},{"start":{},"end":{}}],"line":68},"8":{"loc":{"start":{"line":77,"column":4},"end":{"line":77,"column":32}},"type":"if","locations":[{"start":{"line":77,"column":4},"end":{"line":77,"column":32}},{"start":{},"end":{}}],"line":77},"9":{"loc":{"start":{"line":89,"column":4},"end":{"line":91,"column":5}},"type":"if","locations":[{"start":{"line":89,"column":4},"end":{"line":91,"column":5}},{"start":{},"end":{}}],"line":89},"10":{"loc":{"start":{"line":97,"column":16},"end":{"line":97,"column":60}},"type":"cond-expr","locations":[{"start":{"line":97,"column":40},"end":{"line":97,"column":49}},{"start":{"line":97,"column":52},"end":{"line":97,"column":60}}],"line":97},"11":{"loc":{"start":{"line":165,"column":15},"end":{"line":172,"column":15}},"type":"binary-expr","locations":[{"start":{"line":165,"column":15},"end":{"line":165,"column":20}},{"start":{"line":166,"column":16},"end":{"line":171,"column":24}}],"line":165}},"s":{"0":0,"1":0,"2":0,"3":0,"4":0,"5":0,"6":0,"7":0,"8":0,"9":0,"10":0,"11":0,"12":0,"13":0,"14":0,"15":0,"16":0,"17":0,"18":0,"19":0,"20":0,"21":0,"22":0,"23":0,"24":0,"25":0,"26":0,"27":0,"28":0,"29":0,"30":0,"31":0,"32":0,"33":0,"34":0,"35":0,"36":0,"37":0,"38":0,"39":0,"40":0,"41":0,"42":0,"43":0,"44":0},"f":{"0":0,"1":0,"2":0,"3":0,"4":0,"5":0,"6":0,"7":0,"8":0,"9":0,"10":0,"11":0},"b":{"0":[0,0],"1":[0,0],"2":[0,0],"3":[0,0],"4":[0,0],"5":[0,0],"6":[0,0],"7":[0,0],"8":[0,0],"9":[0,0],"10":[0,0],"11":[0,0]}}
,"/home/mluisaprado/software-frontend/src/screens/TripCreateScreen.tsx": {"path":"/home/mluisaprado/software-frontend/src/screens/TripCreateScreen.tsx","statementMap":{"0":{"start":{"line":20,"column":39},"end":{"line":27,"column":1}},"1":{"start":{"line":30,"column":26},"end":{"line":30,"column":66}},"2":{"start":{"line":31,"column":42},"end":{"line":31,"column":57}},"3":{"start":{"line":32,"column":30},"end":{"line":32,"column":78}},"4":{"start":{"line":33,"column":16},"end":{"line":33,"column":26}},"5":{"start":{"line":35,"column":23},"end":{"line":43,"column":3}},"6":{"start":{"line":39,"column":4},"end":{"line":42,"column":8}},"7":{"start":{"line":39,"column":42},"end":{"line":42,"column":5}},"8":{"start":{"line":45,"column":23},"end":{"line":79,"column":3}},"9":{"start":{"line":46,"column":46},"end":{"line":46,"column":48}},"10":{"start":{"line":48,"column":4},"end":{"line":50,"column":5}},"11":{"start":{"line":49,"column":6},"end":{"line":49,"column":50}},"12":{"start":{"line":52,"column":4},"end":{"line":54,"column":5}},"13":{"start":{"line":53,"column":6},"end":{"line":53,"column":56}},"14":{"start":{"line":56,"column":4},"end":{"line":60,"column":5}},"15":{"start":{"line":57,"column":6},"end":{"line":57,"column":76}},"16":{"start":{"line":58,"column":11},"end":{"line":60,"column":5}},"17":{"start":{"line":59,"column":6},"end":{"line":59,"column":70}},"18":{"start":{"line":62,"column":4},"end":{"line":64,"column":5}},"19":{"start":{"line":63,"column":6},"end":{"line":63,"column":64}},"20":{"start":{"line":66,"column":4},"end":{"line":68,"column":5}},"21":{"start":{"line":67,"column":6},"end":{"line":67,"column":67}},"22":{"start":{"line":70,"column":4},"end":{"line":75,"column":5}},"23":{"start":{"line":74,"column":6},"end":{"line":74,"column":74}},"24":{"start":{"line":77,"column":4},"end":{"line":77,"column":25}},"25":{"start":{"line":78,"column":4},"end":{"line":78,"column":47}},"26":{"start":{"line":81,"column":24},"end":{"line":96,"column":3}},"27":{"start":{"line":82,"column":39},"end":{"line":87,"column":5}},"28":{"start":{"line":89,"column":4},"end":{"line":93,"column":5}},"29":{"start":{"line":90,"column":6},"end":{"line":90,"column":61}},"30":{"start":{"line":92,"column":6},"end":{"line":92,"column":37}},"31":{"start":{"line":95,"column":4},"end":{"line":95,"column":19}},"32":{"start":{"line":98,"column":23},"end":{"line":122,"column":3}},"33":{"start":{"line":99,"column":4},"end":{"line":99,"column":32}},"34":{"start":{"line":99,"column":25},"end":{"line":99,"column":32}},"35":{"start":{"line":101,"column":4},"end":{"line":101,"column":26}},"36":{"start":{"line":102,"column":4},"end":{"line":121,"column":5}},"37":{"start":{"line":103,"column":22},"end":{"line":103,"column":37}},"38":{"start":{"line":104,"column":6},"end":{"line":104,"column":44}},"39":{"start":{"line":105,"column":6},"end":{"line":109,"column":9}},"40":{"start":{"line":110,"column":6},"end":{"line":110,"column":27}},"41":{"start":{"line":111,"column":6},"end":{"line":111,"column":20}},"42":{"start":{"line":113,"column":22},"end":{"line":113,"column":86}},"43":{"start":{"line":114,"column":6},"end":{"line":118,"column":9}},"44":{"start":{"line":120,"column":6},"end":{"line":120,"column":29}},"45":{"start":{"line":124,"column":2},"end":{"line":215,"column":4}},"46":{"start":{"line":145,"column":49},"end":{"line":145,"column":78}},"47":{"start":{"line":156,"column":49},"end":{"line":156,"column":83}},"48":{"start":{"line":168,"column":42},"end":{"line":168,"column":92}},"49":{"start":{"line":182,"column":20},"end":{"line":182,"column":83}},"50":{"start":{"line":195,"column":20},"end":{"line":195,"column":80}}},"fnMap":{"0":{"name":"TripCreateScreen","decl":{"start":{"line":29,"column":24},"end":{"line":29,"column":40}},"loc":{"start":{"line":29,"column":43},"end":{"line":216,"column":1}},"line":29},"1":{"name":"(anonymous_1)","decl":{"start":{"line":35,"column":23},"end":{"line":35,"column":24}},"loc":{"start":{"line":38,"column":7},"end":{"line":43,"column":3}},"line":38},"2":{"name":"(anonymous_2)","decl":{"start":{"line":39,"column":12},"end":{"line":39,"column":13}},"loc":{"start":{"line":39,"column":42},"end":{"line":42,"column":5}},"line":39},"3":{"name":"(anonymous_3)","decl":{"start":{"line":45,"column":23},"end":{"line":45,"column":24}},"loc":{"start":{"line":45,"column":29},"end":{"line":79,"column":3}},"line":45},"4":{"name":"(anonymous_4)","decl":{"start":{"line":81,"column":24},"end":{"line":81,"column":25}},"loc":{"start":{"line":81,"column":49},"end":{"line":96,"column":3}},"line":81},"5":{"name":"(anonymous_5)","decl":{"start":{"line":98,"column":23},"end":{"line":98,"column":24}},"loc":{"start":{"line":98,"column":35},"end":{"line":122,"column":3}},"line":98},"6":{"name":"(anonymous_6)","decl":{"start":{"line":145,"column":30},"end":{"line":145,"column":31}},"loc":{"start":{"line":145,"column":49},"end":{"line":145,"column":78}},"line":145},"7":{"name":"(anonymous_7)","decl":{"start":{"line":156,"column":30},"end":{"line":156,"column":31}},"loc":{"start":{"line":156,"column":49},"end":{"line":156,"column":83}},"line":156},"8":{"name":"(anonymous_8)","decl":{"start":{"line":168,"column":26},"end":{"line":168,"column":27}},"loc":{"start":{"line":168,"column":42},"end":{"line":168,"column":92}},"line":168},"9":{"name":"(anonymous_9)","decl":{"start":{"line":181,"column":32},"end":{"line":181,"column":33}},"loc":{"start":{"line":182,"column":20},"end":{"line":182,"column":83}},"line":182},"10":{"name":"(anonymous_10)","decl":{"start":{"line":194,"column":32},"end":{"line":194,"column":33}},"loc":{"start":{"line":195,"column":20},"end":{"line":195,"column":80}},"line":195}},"branchMap":{"0":{"loc":{"start":{"line":48,"column":4},"end":{"line":50,"column":5}},"type":"if","locations":[{"start":{"line":48,"column":4},"end":{"line":50,"column":5}},{"start":{},"end":{}}],"line":48},"1":{"loc":{"start":{"line":52,"column":4},"end":{"line":54,"column":5}},"type":"if","locations":[{"start":{"line":52,"column":4},"end":{"line":54,"column":5}},{"start":{},"end":{}}],"line":52},"2":{"loc":{"start":{"line":56,"column":4},"end":{"line":60,"column":5}},"type":"if","locations":[{"start":{"line":56,"column":4},"end":{"line":60,"column":5}},{"start":{"line":58,"column":11},"end":{"line":60,"column":5}}],"line":56},"3":{"loc":{"start":{"line":58,"column":11},"end":{"line":60,"column":5}},"type":"if","locations":[{"start":{"line":58,"column":11},"end":{"line":60,"column":5}},{"start":{},"end":{}}],"line":58},"4":{"loc":{"start":{"line":62,"column":4},"end":{"line":64,"column":5}},"type":"if","locations":[{"start":{"line":62,"column":4},"end":{"line":64,"column":5}},{"start":{},"end":{}}],"line":62},"5":{"loc":{"start":{"line":62,"column":8},"end":{"line":62,"column":64}},"type":"binary-expr","locations":[{"start":{"line":62,"column":8},"end":{"line":62,"column":28}},{"start":{"line":62,"column":32},"end":{"line":62,"column":64}}],"line":62},"6":{"loc":{"start":{"line":66,"column":4},"end":{"line":68,"column":5}},"type":"if","locations":[{"start":{"line":66,"column":4},"end":{"line":68,"column":5}},{"start":{},"end":{}}],"line":66},"7":{"loc":{"start":{"line":66,"column":8},"end":{"line":66,"column":58}},"type":"binary-expr","locations":[{"start":{"line":66,"column":8},"end":{"line":66,"column":25}},{"start":{"line":66,"column":29},"end":{"line":66,"column":58}}],"line":66},"8":{"loc":{"start":{"line":70,"column":4},"end":{"line":75,"column":5}},"type":"if","locations":[{"start":{"line":70,"column":4},"end":{"line":75,"column":5}},{"start":{},"end":{}}],"line":70},"9":{"loc":{"start":{"line":71,"column":6},"end":{"line":72,"column":61}},"type":"binary-expr","locations":[{"start":{"line":71,"column":6},"end":{"line":71,"column":40}},{"start":{"line":72,"column":6},"end":{"line":72,"column":61}}],"line":71},"10":{"loc":{"start":{"line":89,"column":4},"end":{"line":93,"column":5}},"type":"if","locations":[{"start":{"line":89,"column":4},"end":{"line":93,"column":5}},{"start":{"line":91,"column":11},"end":{"line":93,"column":5}}],"line":89},"11":{"loc":{"start":{"line":89,"column":8},"end":{"line":89,"column":75}},"type":"binary-expr","locations":[{"start":{"line":89,"column":8},"end":{"line":89,"column":42}},{"start":{"line":89,"column":46},"end":{"line":89,"column":75}}],"line":89},"12":{"loc":{"start":{"line":99,"column":4},"end":{"line":99,"column":32}},"type":"if","locations":[{"start":{"line":99,"column":4},"end":{"line":99,"column":32}},{"start":{},"end":{}}],"line":99},"13":{"loc":{"start":{"line":113,"column":22},"end":{"line":113,"column":86}},"type":"binary-expr","locations":[{"start":{"line":113,"column":22},"end":{"line":113,"column":52}},{"start":{"line":113,"column":56},"end":{"line":113,"column":86}}],"line":113},"14":{"loc":{"start":{"line":127,"column":16},"end":{"line":127,"column":61}},"type":"cond-expr","locations":[{"start":{"line":127,"column":40},"end":{"line":127,"column":49}},{"start":{"line":127,"column":52},"end":{"line":127,"column":61}}],"line":127},"15":{"loc":{"start":{"line":180,"column":25},"end":{"line":180,"column":79}},"type":"cond-expr","locations":[{"start":{"line":180,"column":47},"end":{"line":180,"column":74}},{"start":{"line":180,"column":77},"end":{"line":180,"column":79}}],"line":180},"16":{"loc":{"start":{"line":193,"column":25},"end":{"line":193,"column":73}},"type":"cond-expr","locations":[{"start":{"line":193,"column":44},"end":{"line":193,"column":68}},{"start":{"line":193,"column":71},"end":{"line":193,"column":73}}],"line":193}},"s":{"0":0,"1":0,"2":0,"3":0,"4":0,"5":0,"6":0,"7":0,"8":0,"9":0,"10":0,"11":0,"12":0,"13":0,"14":0,"15":0,"16":0,"17":0,"18":0,"19":0,"20":0,"21":0,"22":0,"23":0,"24":0,"25":0,"26":0,"27":0,"28":0,"29":0,"30":0,"31":0,"32":0,"33":0,"34":0,"35":0,"36":0,"37":0,"38":0,"39":0,"40":0,"41":0,"42":0,"43":0,"44":0,"45":0,"46":0,"47":0,"48":0,"49":0,"50":0},"f":{"0":0,"1":0,"2":0,"3":0,"4":0,"5":0,"6":0,"7":0,"8":0,"9":0,"10":0},"b":{"0":[0,0],"1":[0,0],"2":[0,0],"3":[0,0],"4":[0,0],"5":[0,0],"6":[0,0],"7":[0,0],"8":[0,0],"9":[0,0],"10":[0,0],"11":[0,0],"12":[0,0],"13":[0,0],"14":[0,0],"15":[0,0],"16":[0,0]}}
,"/home/mluisaprado/software-frontend/src/screens/TripReservationsScreen.tsx": {"path":"/home/mluisaprado/software-frontend/src/screens/TripReservationsScreen.tsx","statementMap":{"0":{"start":{"line":48,"column":16},"end":{"line":48,"column":31}},"1":{"start":{"line":49,"column":21},"end":{"line":49,"column":41}},"2":{"start":{"line":52,"column":4},"end":{"line":52,"column":50}},"3":{"start":{"line":54,"column":42},"end":{"line":54,"column":73}},"4":{"start":{"line":55,"column":36},"end":{"line":55,"column":51}},"5":{"start":{"line":56,"column":16},"end":{"line":56,"column":26}},"6":{"start":{"line":58,"column":27},"end":{"line":74,"column":21}},"7":{"start":{"line":59,"column":4},"end":{"line":59,"column":23}},"8":{"start":{"line":60,"column":4},"end":{"line":73,"column":5}},"9":{"start":{"line":61,"column":19},"end":{"line":61,"column":75}},"10":{"start":{"line":62,"column":6},"end":{"line":62,"column":28}},"11":{"start":{"line":64,"column":6},"end":{"line":70,"column":9}},"12":{"start":{"line":72,"column":6},"end":{"line":72,"column":26}},"13":{"start":{"line":76,"column":2},"end":{"line":78,"column":25}},"14":{"start":{"line":77,"column":4},"end":{"line":77,"column":23}},"15":{"start":{"line":80,"column":23},"end":{"line":96,"column":3}},"16":{"start":{"line":81,"column":4},"end":{"line":95,"column":5}},"17":{"start":{"line":82,"column":6},"end":{"line":82,"column":53}},"18":{"start":{"line":83,"column":6},"end":{"line":86,"column":9}},"19":{"start":{"line":87,"column":6},"end":{"line":87,"column":31}},"20":{"start":{"line":89,"column":6},"end":{"line":94,"column":9}},"21":{"start":{"line":98,"column":23},"end":{"line":114,"column":3}},"22":{"start":{"line":99,"column":4},"end":{"line":113,"column":5}},"23":{"start":{"line":100,"column":6},"end":{"line":100,"column":53}},"24":{"start":{"line":101,"column":6},"end":{"line":104,"column":9}},"25":{"start":{"line":105,"column":6},"end":{"line":105,"column":31}},"26":{"start":{"line":107,"column":6},"end":{"line":112,"column":9}},"27":{"start":{"line":116,"column":21},"end":{"line":197,"column":3}},"28":{"start":{"line":117,"column":22},"end":{"line":117,"column":47}},"29":{"start":{"line":118,"column":20},"end":{"line":118,"column":47}},"30":{"start":{"line":120,"column":4},"end":{"line":196,"column":6}},"31":{"start":{"line":162,"column":31},"end":{"line":162,"column":52}},"32":{"start":{"line":170,"column":31},"end":{"line":170,"column":52}},"33":{"start":{"line":184,"column":16},"end":{"line":188,"column":18}},"34":{"start":{"line":199,"column":2},"end":{"line":232,"column":4}},"35":{"start":{"line":227,"column":34},"end":{"line":227,"column":52}}},"fnMap":{"0":{"name":"TripReservationsScreen","decl":{"start":{"line":47,"column":24},"end":{"line":47,"column":46}},"loc":{"start":{"line":47,"column":49},"end":{"line":233,"column":1}},"line":47},"1":{"name":"(anonymous_1)","decl":{"start":{"line":58,"column":39},"end":{"line":58,"column":40}},"loc":{"start":{"line":58,"column":51},"end":{"line":74,"column":3}},"line":58},"2":{"name":"(anonymous_2)","decl":{"start":{"line":76,"column":12},"end":{"line":76,"column":13}},"loc":{"start":{"line":76,"column":18},"end":{"line":78,"column":3}},"line":76},"3":{"name":"(anonymous_3)","decl":{"start":{"line":80,"column":23},"end":{"line":80,"column":24}},"loc":{"start":{"line":80,"column":45},"end":{"line":96,"column":3}},"line":80},"4":{"name":"(anonymous_4)","decl":{"start":{"line":98,"column":23},"end":{"line":98,"column":24}},"loc":{"start":{"line":98,"column":45},"end":{"line":114,"column":3}},"line":98},"5":{"name":"(anonymous_5)","decl":{"start":{"line":116,"column":21},"end":{"line":116,"column":22}},"loc":{"start":{"line":116,"column":62},"end":{"line":197,"column":3}},"line":116},"6":{"name":"(anonymous_6)","decl":{"start":{"line":162,"column":25},"end":{"line":162,"column":26}},"loc":{"start":{"line":162,"column":31},"end":{"line":162,"column":52}},"line":162},"7":{"name":"(anonymous_7)","decl":{"start":{"line":170,"column":25},"end":{"line":170,"column":26}},"loc":{"start":{"line":170,"column":31},"end":{"line":170,"column":52}},"line":170},"8":{"name":"(anonymous_8)","decl":{"start":{"line":183,"column":23},"end":{"line":183,"column":24}},"loc":{"start":{"line":184,"column":16},"end":{"line":188,"column":18}},"line":184},"9":{"name":"(anonymous_9)","decl":{"start":{"line":227,"column":24},"end":{"line":227,"column":25}},"loc":{"start":{"line":227,"column":34},"end":{"line":227,"column":52}},"line":227}},"branchMap":{"0":{"loc":{"start":{"line":52,"column":4},"end":{"line":52,"column":50}},"type":"binary-expr","locations":[{"start":{"line":52,"column":5},"end":{"line":52,"column":43}},{"start":{"line":52,"column":48},"end":{"line":52,"column":50}}],"line":52},"1":{"loc":{"start":{"line":67,"column":10},"end":{"line":68,"column":50}},"type":"binary-expr","locations":[{"start":{"line":67,"column":10},"end":{"line":67,"column":40}},{"start":{"line":68,"column":10},"end":{"line":68,"column":50}}],"line":67},"2":{"loc":{"start":{"line":92,"column":10},"end":{"line":92,"column":75}},"type":"binary-expr","locations":[{"start":{"line":92,"column":10},"end":{"line":92,"column":40}},{"start":{"line":92,"column":44},"end":{"line":92,"column":75}}],"line":92},"3":{"loc":{"start":{"line":110,"column":10},"end":{"line":110,"column":76}},"type":"binary-expr","locations":[{"start":{"line":110,"column":10},"end":{"line":110,"column":40}},{"start":{"line":110,"column":44},"end":{"line":110,"column":76}}],"line":110},"4":{"loc":{"start":{"line":135,"column":17},"end":{"line":135,"column":46}},"type":"binary-expr","locations":[{"start":{"line":135,"column":17},"end":{"line":135,"column":32}},{"start":{"line":135,"column":36},"end":{"line":135,"column":46}}],"line":135},"5":{"loc":{"start":{"line":143,"column":16},"end":{"line":147,"column":29}},"type":"cond-expr","locations":[{"start":{"line":144,"column":20},"end":{"line":144,"column":29}},{"start":{"line":145,"column":20},"end":{"line":147,"column":29}}],"line":143},"6":{"loc":{"start":{"line":145,"column":20},"end":{"line":147,"column":29}},"type":"cond-expr","locations":[{"start":{"line":146,"column":20},"end":{"line":146,"column":28}},{"start":{"line":147,"column":20},"end":{"line":147,"column":29}}],"line":145},"7":{"loc":{"start":{"line":156,"column":11},"end":{"line":175,"column":11}},"type":"binary-expr","locations":[{"start":{"line":156,"column":11},"end":{"line":156,"column":20}},{"start":{"line":157,"column":12},"end":{"line":174,"column":21}}],"line":156},"8":{"loc":{"start":{"line":177,"column":11},"end":{"line":193,"column":11}},"type":"binary-expr","locations":[{"start":{"line":177,"column":11},"end":{"line":177,"column":18}},{"start":{"line":177,"column":22},"end":{"line":177,"column":31}},{"start":{"line":178,"column":12},"end":{"line":192,"column":21}}],"line":177},"9":{"loc":{"start":{"line":205,"column":7},"end":{"line":230,"column":7}},"type":"cond-expr","locations":[{"start":{"line":206,"column":8},"end":{"line":209,"column":17}},{"start":{"line":210,"column":10},"end":{"line":230,"column":7}}],"line":205},"10":{"loc":{"start":{"line":210,"column":10},"end":{"line":230,"column":7}},"type":"cond-expr","locations":[{"start":{"line":211,"column":8},"end":{"line":222,"column":14}},{"start":{"line":224,"column":8},"end":{"line":229,"column":10}}],"line":210}},"s":{"0":0,"1":0,"2":0,"3":0,"4":0,"5":0,"6":0,"7":0,"8":0,"9":0,"10":0,"11":0,"12":0,"13":0,"14":0,"15":0,"16":0,"17":0,"18":0,"19":0,"20":0,"21":0,"22":0,"23":0,"24":0,"25":0,"26":0,"27":0,"28":0,"29":0,"30":0,"31":0,"32":0,"33":0,"34":0,"35":0},"f":{"0":0,"1":0,"2":0,"3":0,"4":0,"5":0,"6":0,"7":0,"8":0,"9":0},"b":{"0":[0,0],"1":[0,0],"2":[0,0],"3":[0,0],"4":[0,0],"5":[0,0],"6":[0,0],"7":[0,0],"8":[0,0,0],"9":[0,0],"10":[0,0]}}
,"/home/mluisaprado/software-frontend/src/screens/TripsSearchScreen.tsx": {"path":"/home/mluisaprado/software-frontend/src/screens/TripsSearchScreen.tsx","statementMap":{"0":{"start":{"line":24,"column":36},"end":{"line":26,"column":1}},"1":{"start":{"line":29,"column":32},"end":{"line":29,"column":69}},"2":{"start":{"line":30,"column":28},"end":{"line":30,"column":48}},"3":{"start":{"line":31,"column":36},"end":{"line":31,"column":51}},"4":{"start":{"line":32,"column":16},"end":{"line":32,"column":26}},"5":{"start":{"line":33,"column":21},"end":{"line":33,"column":41}},"6":{"start":{"line":35,"column":21},"end":{"line":55,"column":22}},"7":{"start":{"line":36,"column":4},"end":{"line":36,"column":23}},"8":{"start":{"line":37,"column":4},"end":{"line":54,"column":5}},"9":{"start":{"line":38,"column":29},"end":{"line":42,"column":22}},"10":{"start":{"line":40,"column":25},"end":{"line":40,"column":78}},"11":{"start":{"line":44,"column":19},"end":{"line":44,"column":62}},"12":{"start":{"line":45,"column":6},"end":{"line":45,"column":21}},"13":{"start":{"line":47,"column":6},"end":{"line":51,"column":9}},"14":{"start":{"line":53,"column":6},"end":{"line":53,"column":26}},"15":{"start":{"line":57,"column":29},"end":{"line":62,"column":3}},"16":{"start":{"line":58,"column":4},"end":{"line":61,"column":8}},"17":{"start":{"line":58,"column":26},"end":{"line":61,"column":5}},"18":{"start":{"line":64,"column":24},"end":{"line":88,"column":3}},"19":{"start":{"line":65,"column":4},"end":{"line":87,"column":5}},"20":{"start":{"line":66,"column":21},"end":{"line":66,"column":65}},"21":{"start":{"line":68,"column":6},"end":{"line":72,"column":9}},"22":{"start":{"line":74,"column":6},"end":{"line":74,"column":25}},"23":{"start":{"line":76,"column":6},"end":{"line":76,"column":55}},"24":{"start":{"line":79,"column":8},"end":{"line":80,"column":37}},"25":{"start":{"line":82,"column":6},"end":{"line":86,"column":9}},"26":{"start":{"line":90,"column":21},"end":{"line":168,"column":3}},"27":{"start":{"line":91,"column":26},"end":{"line":91,"column":55}},"28":{"start":{"line":92,"column":26},"end":{"line":95,"column":6}},"29":{"start":{"line":97,"column":36},"end":{"line":110,"column":5}},"30":{"start":{"line":98,"column":6},"end":{"line":105,"column":7}},"31":{"start":{"line":99,"column":8},"end":{"line":103,"column":11}},"32":{"start":{"line":104,"column":8},"end":{"line":104,"column":15}},"33":{"start":{"line":107,"column":6},"end":{"line":109,"column":9}},"34":{"start":{"line":113,"column":6},"end":{"line":113,"column":63}},"35":{"start":{"line":115,"column":4},"end":{"line":167,"column":6}},"36":{"start":{"line":150,"column":29},"end":{"line":150,"column":51}},"37":{"start":{"line":172,"column":2},"end":{"line":271,"column":4}},"38":{"start":{"line":188,"column":39},"end":{"line":188,"column":74}},"39":{"start":{"line":198,"column":39},"end":{"line":198,"column":79}},"40":{"start":{"line":211,"column":18},"end":{"line":211,"column":77}},"41":{"start":{"line":220,"column":42},"end":{"line":220,"column":77}},"42":{"start":{"line":265,"column":36},"end":{"line":265,"column":54}}},"fnMap":{"0":{"name":"TripsSearchScreen","decl":{"start":{"line":28,"column":24},"end":{"line":28,"column":41}},"loc":{"start":{"line":28,"column":44},"end":{"line":272,"column":1}},"line":28},"1":{"name":"(anonymous_1)","decl":{"start":{"line":35,"column":33},"end":{"line":35,"column":34}},"loc":{"start":{"line":35,"column":45},"end":{"line":55,"column":3}},"line":35},"2":{"name":"(anonymous_2)","decl":{"start":{"line":40,"column":10},"end":{"line":40,"column":11}},"loc":{"start":{"line":40,"column":25},"end":{"line":40,"column":78}},"line":40},"3":{"name":"(anonymous_3)","decl":{"start":{"line":57,"column":29},"end":{"line":57,"column":30}},"loc":{"start":{"line":57,"column":93},"end":{"line":62,"column":3}},"line":57},"4":{"name":"(anonymous_4)","decl":{"start":{"line":58,"column":15},"end":{"line":58,"column":16}},"loc":{"start":{"line":58,"column":26},"end":{"line":61,"column":5}},"line":58},"5":{"name":"(anonymous_5)","decl":{"start":{"line":64,"column":24},"end":{"line":64,"column":25}},"loc":{"start":{"line":64,"column":59},"end":{"line":88,"column":3}},"line":64},"6":{"name":"(anonymous_6)","decl":{"start":{"line":90,"column":21},"end":{"line":90,"column":22
[...]
,"/home/mluisaprado/software-frontend/src/services/authService.ts": {"path":"/home/mluisaprado/software-frontend/src/services/authService.ts","statementMap":{"0":{"start":{"line":4,"column":30},"end":{"line":27,"column":1}},"1":{"start":{"line":6,"column":4},"end":{"line":9,"column":24}},"2":{"start":{"line":12,"column":4},"end":{"line":16,"column":17}},"3":{"start":{"line":18,"column":2},"end":{"line":20,"column":3}},"4":{"start":{"line":19,"column":4},"end":{"line":19,"column":84}},"5":{"start":{"line":22,"column":2},"end":{"line":26,"column":4}},"6":{"start":{"line":29,"column":27},"end":{"line":76,"column":1}},"7":{"start":{"line":31,"column":4},"end":{"line":37,"column":5}},"8":{"start":{"line":32,"column":23},"end":{"line":32,"column":65}},"9":{"start":{"line":33,"column":19},"end":{"line":33,"column":55}},"10":{"start":{"line":34,"column":6},"end":{"line":34,"column":18}},"11":{"start":{"line":36,"column":6},"end":{"line":36,"column":82}},"12":{"start":{"line":41,"column":4},"end":{"line":47,"column":5}},"13":{"start":{"line":42,"column":23},"end":{"line":42,"column":68}},"14":{"start":{"line":43,"column":19},"end":{"line":43,"column":55}},"15":{"start":{"line":44,"column":6},"end":{"line":44,"column":18}},"16":{"start":{"line":46,"column":6},"end":{"line":46,"column":79}},"17":{"start":{"line":51,"column":4},"end":{"line":55,"column":5}},"18":{"start":{"line":52,"column":6},"end":{"line":52,"column":37}},"19":{"start":{"line":54,"column":6},"end":{"line":54,"column":51}},"20":{"start":{"line":59,"column":4},"end":{"line":64,"column":5}},"21":{"start":{"line":60,"column":23},"end":{"line":60,"column":53}},"22":{"start":{"line":61,"column":6},"end":{"line":61,"column":27}},"23":{"start":{"line":63,"column":6},"end":{"line":63,"column":82}},"24":{"start":{"line":69,"column":4},"end":{"line":74,"column":5}},"25":{"start":{"line":70,"column":6},"end":{"line":70,"column":38}},"26":{"start":{"line":71,"column":6},"end":{"line":71,"column":18}},"27":{"start":{"line":73,"column":6},"end":{"line":73,"column":19}}},"fnMap":{"0":{"name":"(anonymous_0)","decl":{"start":{"line":4,"column":30},"end":{"line":4,"column":31}},"loc":{"start":{"line":4,"column":62},"end":{"line":27,"column":1}},"line":4},"1":{"name":"(anonymous_1)","decl":{"start":{"line":30,"column":2},"end":{"line":30,"column":3}},"loc":{"start":{"line":30,"column":68},"end":{"line":38,"column":3}},"line":30},"2":{"name":"(anonymous_2)","decl":{"start":{"line":40,"column":2},"end":{"line":40,"column":3}},"loc":{"start":{"line":40,"column":74},"end":{"line":48,"column":3}},"line":40},"3":{"name":"(anonymous_3)","decl":{"start":{"line":50,"column":2},"end":{"line":50,"column":3}},"loc":{"start":{"line":50,"column":32},"end":{"line":56,"column":3}},"line":50},"4":{"name":"(anonymous_4)","decl":{"start":{"line":58,"column":2},"end":{"line":58,"column":3}},"loc":{"start":{"line":58,"column":35},"end":{"line":65,"column":3}},"line":58},"5":{"name":"(anonymous_5)","decl":{"start":{"line":68,"column":2},"end":{"line":68,"column":3}},"loc":{"start":{"line":68,"column":42},"end":{"line":75,"column":3}},"line":68}},"branchMap":{"0":{"loc":{"start":{"line":6,"column":4},"end":{"line":9,"column":24}},"type":"binary-expr","locations":[{"start":{"line":6,"column":4},"end":{"line":6,"column":24}},{"start":{"line":7,"column":4},"end":{"line":7,"column":18}},{"start":{"line":8,"column":4},"end":{"line":8,"column":30}},{"start":{"line":9,"column":4},"end":{"line":9,"column":24}}],"line":6},"1":{"loc":{"start":{"line":12,"column":4},"end":{"line":16,"column":17}},"type":"binary-expr","locations":[{"start":{"line":12,"column":4},"end":{"line":12,"column":23}},{"start":{"line":13,"column":4},"end":{"line":13,"column":17}},{"start":{"line":14,"column":4},"end":{"line":14,"column":29}},{"start":{"line":15,"column":4},"end":{"line":15,"column":32}},{"start":{"line":16,"column":4},"end":{"line":16,"column":17}}],"line":12},"2":{"loc":{"start":{"line":18,"column":2},"end":{"line":20,"column":3}},"type":"if","locations":[{"start":{"line":18,"column":2},"end":{"line":20,"column":3}},{"start":{},"end":{}}],"line":18},"3":{"loc":{"start":{"line":18,"column":6},"end":{"line":18,"column":21}},"type":"binary-expr","locations":[{"start":{"line":18,"column":6},"end":{"line":18,"column":12}},{"start":{"line":18,"column":16},"end":{"line":18,"column":21}}],"line":18},"4":{"loc":{"start":{"line":25,"column":13},"end":{"line":25,"column":55}},"type":"binary-expr","locations":[{"start":{"line":25,"column":13},"end":{"line":25,"column":29}},{"start":{"line":25,"column":33},"end":{"line":25,"column":55}}],"line":25},"5":{"loc":{"start":{"line":36,"column":22},"end":{"line":36,"column":80}},"type":"binary-expr","locations":[{"start":{"line":36,"column":22},"end":{"line":36,"column":51}},{"start":{"line":36,"column":55},"end":{"line":36,"column":80}}],"line":36},"6":{"loc":{"start":{"line":46,"column":22},"end":{"line":46,"column":77}},"type":"binary-expr","locations":[{"start":{"line":46,"column":22},"end":{"line":46,"column":51}},{"start":{"line":46,"column":55},"end":{"line":46,"column":77}}],"line":46},"7":{"loc":{"start":{"line":63,"column":22},"end":{"line":63,"column":80}},"type":"binary-expr","locations":[{"start":{"line":63,"column":22},"end":{"line":63,"column":51}},{"start":{"line":63,"column":55},"end":{"line":63,"column":80}}],"line":63}},"s":{"0":1,"1":2,"2":2,"3":2,"4":0,"5":2,"6":1,"7":2,"8":2,"9":1,"10":1,"11":1,"12":2,"13":2,"14":1,"15":1,"16":1,"17":2,"18":2,"19":1,"20":2,"21":2,"22":1,"23":1,"24":2,"25":2,"26":1,"27":1},"f":{"0":2,"1":2,"2":2,"3":2,"4":2,"5":2},"b":{"0":[2,0,0,0],"1":[2,0,0,0,0],"2":[0,2],"3":[2,2],"4":[2,0],"5":[1,0],"6":[1,0],"7":[1,0]},"_coverageSchema":"1a1c01bbd47fc00a2c39e90264f33305004495a9","hash":"df7c5ecf1fc5b06bb425ef85747313faeb681e25"}
,"/home/mluisaprado/software-frontend/src/services/messageService.ts": {"path":"/home/mluisaprado/software-frontend/src/services/messageService.ts","statementMap":{"0":{"start":{"line":26,"column":19},"end":{"line":28,"column":3}},"1":{"start":{"line":30,"column":23},"end":{"line":30,"column":36}},"2":{"start":{"line":33,"column":2},"end":{"line":35,"column":3}},"3":{"start":{"line":34,"column":4},"end":{"line":34,"column":36}},"4":{"start":{"line":38,"column":2},"end":{"line":40,"column":3}},"5":{"start":{"line":39,"column":4},"end":{"line":39,"column":41}},"6":{"start":{"line":42,"column":2},"end":{"line":42,"column":12}},"7":{"start":{"line":50,"column":19},"end":{"line":54,"column":4}},"8":{"start":{"line":56,"column":23},"end":{"line":56,"column":36}},"9":{"start":{"line":57,"column":2},"end":{"line":57,"column":51}}},"fnMap":{"0":{"name":"listMessages","decl":{"start":{"line":25,"column":15},"end":{"line":25,"column":27}},"loc":{"start":{"line":25,"column":65},"end":{"line":43,"column":1}},"line":25},"1":{"name":"sendMessage","decl":{"start":{"line":45,"column":15},"end":{"line":45,"column":26}},"loc":{"start":{"line":49,"column":2},"end":{"line":58,"column":1}},"line":49}},"branchMap":{"0":{"loc":{"start":{"line":33,"column":2},"end":{"line":35,"column":3}},"type":"if","locations":[{"start":{"line":33,"column":2},"end":{"line":35,"column":3}},{"start":{},"end":{}}],"line":33},"1":{"loc":{"start":{"line":38,"column":2},"end":{"line":40,"column":3}},"type":"if","locations":[{"start":{"line":38,"column":2},"end":{"line":40,"column":3}},{"start":{},"end":{}}],"line":38},"2":{"loc":{"start":{"line":57,"column":10},"end":{"line":57,"column":34}},"type":"binary-expr","locations":[{"start":{"line":57,"column":10},"end":{"line":57,"column":23}},{"start":{"line":57,"column":27},"end":{"line":57,"column":34}}],"line":57}},"s":{"0":0,"1":0,"2":0,"3":0,"4":0,"5":0,"6":0,"7":0,"8":0,"9":0},"f":{"0":0,"1":0},"b":{"0":[0,0],"1":[0,0],"2":[0,0]}}
,"/home/mluisaprado/software-frontend/src/services/reservationService.ts": {"path":"/home/mluisaprado/software-frontend/src/services/reservationService.ts","statementMap":{"0":{"start":{"line":6,"column":2},"end":{"line":6,"column":61}},"1":{"start":{"line":9,"column":16},"end":{"line":9,"column":50}},"2":{"start":{"line":10,"column":2},"end":{"line":10,"column":59}},"3":{"start":{"line":14,"column":18},"end":{"line":14,"column":40}},"4":{"start":{"line":16,"column":19},"end":{"line":20,"column":3}},"5":{"start":{"line":22,"column":2},"end":{"line":22,"column":23}},"6":{"start":{"line":26,"column":18},"end":{"line":26,"column":40}},"7":{"start":{"line":28,"column":19},"end":{"line":31,"column":3}},"8":{"start":{"line":34,"column":2},"end":{"line":34,"column":34}},"9":{"start":{"line":38,"column":18},"end":{"line":38,"column":40}},"10":{"start":{"line":40,"column":19},"end":{"line":44,"column":3}},"11":{"start":{"line":46,"column":2},"end":{"line":46,"column":23}},"12":{"start":{"line":50,"column":18},"end":{"line":50,"column":40}},"13":{"start":{"line":52,"column":19},"end":{"line":56,"column":3}},"14":{"start":{"line":58,"column":2},"end":{"line":58,"column":23}},"15":{"start":{"line":86,"column":18},"end":{"line":86,"column":40}},"16":{"start":{"line":88,"column":19},"end":{"line":91,"column":3}},"17":{"start":{"line":93,"column":23},"end":{"line":93,"column":36}},"18":{"start":{"line":95,"column":2},"end":{"line":97,"column":3}},"19":{"start":{"line":96,"column":4},"end":{"line":96,"column":44}},"20":{"start":{"line":99,"column":2},"end":{"line":101,"column":3}},"21":{"start":{"line":100,"column":4},"end":{"line":100,"column":49}},"22":{"start":{"line":103,"column":2},"end":{"line":103,"column":12}}},"fnMap":{"0":{"name":"getAuthHeaders","decl":{"start":{"line":8,"column":15},"end":{"line":8,"column":29}},"loc":{"start":{"line":8,"column":32},"end":{"line":11,"column":1}},"line":8},"1":{"name":"reserveTrip","decl":{"start":{"line":13,"column":15},"end":{"line":13,"column":26}},"loc":{"start":{"line":13,"column":52},"end":{"line":23,"column":1}},"line":13},"2":{"name":"listReservationsForTrip","decl":{"start":{"line":25,"column":15},"end":{"line":25,"column":38}},"loc":{"start":{"line":25,"column":64},"end":{"line":35,"column":1}},"line":25},"3":{"name":"acceptReservation","decl":{"start":{"line":37,"column":15},"end":{"line":37,"column":32}},"loc":{"start":{"line":37,"column":65},"end":{"line":47,"column":1}},"line":37},"4":{"name":"rejectReservation","decl":{"start":{"line":49,"column":15},"end":{"line":49,"column":32}},"loc":{"start":{"line":49,"column":65},"end":{"line":59,"column":1}},"line":49},"5":{"name":"listMyUpcomingTrips","decl":{"start":{"line":85,"column":15},"end":{"line":85,"column":34}},"loc":{"start":{"line":85,"column":69},"end":{"line":104,"column":1}},"line":85}},"branchMap":{"0":{"loc":{"start":{"line":6,"column":2},"end":{"line":6,"column":61}},"type":"binary-expr","locations":[{"start":{"line":6,"column":2},"end":{"line":6,"column":30}},{"start":{"line":6,"column":34},"end":{"line":6,"column":61}}],"line":6},"1":{"loc":{"start":{"line":10,"column":9},"end":{"line":10,"column":58}},"type":"cond-expr","locations":[{"start":{"line":10,"column":17},"end":{"line":10,"column":53}},{"start":{"line":10,"column":56},"end":{"line":10,"column":58}}],"line":10},"2":{"loc":{"start":{"line":34,"column":9},"end":{"line":34,"column":33}},"type":"binary-expr","locations":[{"start":{"line":34,"column":9},"end":{"line":34,"column":27}},{"start":{"line":34,"column":31},"end":{"line":34,"column":33}}],"line":34},"3":{"loc":{"start":{"line":95,"column":2},"end":{"line":97,"column":3}},"type":"if","locations":[{"start":{"line":95,"column":2},"end":{"line":97,"column":3}},{"start":{},"end":{}}],"line":95},"4":{"loc":{"start":{"line":99,"column":2},"end":{"line":101,"column":3}},"type":"if","locations":[{"start":{"line":99,"column":2},"end":{"line":101,"column":3}},{"start":{},"end":{}}],"line":99}},"s":{"0":0,"1":0,"2":0,"3":0,"4":0,"5":0,"6":0,"7":0,"8":0,"9":0,"10":0,"11":0,"12":0,"13":0,"14":0,"15":0,"16":0,"17":0,"18":0,"19":0,"20":0,"21":0,"22":0},"f":{"0":0,"1":0,"2":0,"3":0,"4":0,"5":0},"b":{"0":[0,0],"1":[0,0],"2":[0,0],"3":[0,0],"4":[0,0]}}
,"/home/mluisaprado/software-frontend/src/services/tripService.ts": {"path":"/home/mluisaprado/software-frontend/src/services/tripService.ts","statementMap":{"0":{"start":{"line":14,"column":27},"end":{"line":47,"column":1}},"1":{"start":{"line":16,"column":21},"end":{"line":16,"column":74}},"2":{"start":{"line":19,"column":4},"end":{"line":21,"column":5}},"3":{"start":{"line":20,"column":6},"end":{"line":20,"column":32}},"4":{"start":{"line":24,"column":4},"end":{"line":24,"column":44}},"5":{"start":{"line":28,"column":21},"end":{"line":30,"column":6}},"6":{"start":{"line":32,"column":20},"end":{"line":32,"column":33}},"7":{"start":{"line":35,"column":4},"end":{"line":37,"column":5}},"8":{"start":{"line":36,"column":6},"end":{"line":36,"column":21}},"9":{"start":{"line":40,"column":4},"end":{"line":42,"column":5}},"10":{"start":{"line":41,"column":6},"end":{"line":41,"column":26}},"11":{"start":{"line":45,"column":4},"end":{"line":45,"column":14}}},"fnMap":{"0":{"name":"(anonymous_0)","decl":{"start":{"line":15,"column":2},"end":{"line":15,"column":3}},"loc":{"start":{"line":15,"column":62},"end":{"line":25,"column":3}},"line":15},"1":{"name":"(anonymous_1)","decl":{"start":{"line":27,"column":2},"end":{"line":27,"column":3}},"loc":{"start":{"line":27,"column":62},"end":{"line":46,"column":3}},"line":27}},"branchMap":{"0":{"loc":{"start":{"line":19,"column":4},"end":{"line":21,"column":5}},"type":"if","locations":[{"start":{"line":19,"column":4},"end":{"line":21,"column":5}},{"start":{},"end":{}}],"line":19},"1":{"loc":{"start":{"line":27,"column":18},"end":{"line":27,"column":43}},"type":"default-arg","locations":[{"start":{"line":27,"column":41},"end":{"line":27,"column":43}}],"line":27},"2":{"loc":{"start":{"line":35,"column":4},"end":{"line":37,"column":5}},"type":"if","locations":[{"start":{"line":35,"column":4},"end":{"line":37,"column":5}},{"start":{},"end":{}}],"line":35},"3":{"loc":{"start":{"line":40,"column":4},"end":{"line":42,"column":5}},"type":"if","locations":[{"start":{"line":40,"column":4},"end":{"line":42,"column":5}},{"start":{},"end":{}}],"line":40}},"s":{"0":0,"1":0,"2":0,"3":0,"4":0,"5":0,"6":0,"7":0,"8":0,"9":0,"10":0,"11":0},"f":{"0":0,"1":0},"b":{"0":[0,0],"1":[0],"2":[0,0],"3":[0,0]}}
,"/home/mluisaprado/software-frontend/src/theme/index.ts": {"path":"/home/mluisaprado/software-frontend/src/theme/index.ts","statementMap":{"0":{"start":{"line":3,"column":14},"end":{"line":71,"column":2}}},"fnMap":{},"branchMap":{},"s":{"0":0},"f":{},"b":{}}
,"/home/mluisaprado/software-frontend/src/types/auth.types.ts": {"path":"/home/mluisaprado/software-frontend/src/types/auth.types.ts","statementMap":{},"fnMap":{},"branchMap":{},"s":{},"f":{},"b":{}}
,"/home/mluisaprado/software-frontend/src/types/trip.types.ts": {"path":"/home/mluisaprado/software-frontend/src/types/trip.types.ts","statementMap":{},"fnMap":{},"branchMap":{},"s":{},"f":{},"b":{}}
,"/home/mluisaprado/software-frontend/src/utils/storage.ts": {"path":"/home/mluisaprado/software-frontend/src/utils/storage.ts","statementMap":{"0":{"start":{"line":4,"column":14},"end":{"line":4,"column":35}},"1":{"start":{"line":6,"column":19},"end":{"line":19,"column":1}},"2":{"start":{"line":8,"column":4},"end":{"line":8,"column":51}},"3":{"start":{"line":8,"column":39},"end":{"line":8,"column":51}},"4":{"start":{"line":9,"column":4},"end":{"line":9,"column":44}},"5":{"start":{"line":12,"column":4},"end":{"line":12,"column":46}},"6":{"start":{"line":12,"column":39},"end":{"line":12,"column":46}},"7":{"start":{"line":13,"column":4},"end":{"line":13,"column":44}},"8":{"start":{"line":16,"column":4},"end":{"line":16,"column":46}},"9":{"start":{"line":16,"column":39},"end":{"line":16,"column":46}},"10":{"start":{"line":17,"column":4},"end":{"line":17,"column":40}},"11":{"start":{"line":21,"column":23},"end":{"line":28,"column":1}},"12":{"start":{"line":23,"column":4},"end":{"line":23,"column":67}},"13":{"start":{"line":25,"column":4},"end":{"line":25,"column":81}},"14":{"start":{"line":27,"column":4},"end":{"line":27,"column":73}}},"fnMap":{"0":{"name":"(anonymous_0)","decl":{"start":{"line":7,"column":2},"end":{"line":7,"column":3}},"loc":{"start":{"line":7,"column":29},"end":{"line":10,"column":3}},"line":7},"1":{"name":"(anonymous_1)","decl":{"start":{"line":11,"column":2},"end":{"line":11,"column":3}},"loc":{"start":{"line":11,"column":44},"end":{"line":14,"column":3}},"line":11},"2":{"name":"(anonymous_2)","decl":{"start":{"line":15,"column":2},"end":{"line":15,"column":3}},"loc":{"start":{"line":15,"column":32},"end":{"line":18,"column":3}},"line":15},"3":{"name":"(anonymous_3)","decl":{"start":{"line":22,"column":11},"end":{"line":22,"column":12}},"loc":{"start":{"line":23,"column":4},"end":{"line":23,"column":67}},"line":23},"4":{"name":"(anonymous_4)","decl":{"start":{"line":24,"column":11},"end":{"line":24,"column":12}},"loc":{"start":{"line":25,"column":4},"end":{"line":25,"column":81}},"line":25},"5":{"name":"(anonymous_5)","decl":{"start":{"line":26,"column":14},"end":{"line":26,"column":15}},"loc":{"start":{"line":27,"column":4},"end":{"line":27,"column":73}},"line":27}},"branchMap":{"0":{"loc":{"start":{"line":8,"column":4},"end":{"line":8,"column":51}},"type":"if","locations":[{"start":{"line":8,"column":4},"end":{"line":8,"column":51}},{"start":{},"end":{}}],"line":8},"1":{"loc":{"start":{"line":12,"column":4},"end":{"line":12,"column":46}},"type":"if","locations":[{"start":{"line":12,"column":4},"end":{"line":12,"column":46}},{"start":{},"end":{}}],"line":12},"2":{"loc":{"start":{"line":16,"column":4},"end":{"line":16,"column":46}},"type":"if","locations":[{"start":{"line":16,"column":4},"end":{"line":16,"column":46}},{"start":{},"end":{}}],"line":16},"3":{"loc":{"start":{"line":23,"column":4},"end":{"line":23,"column":67}},"type":"cond-expr","locations":[{"start":{"line":23,"column":12},"end":{"line":23,"column":35}},{"start":{"line":23,"column":38},"end":{"line":23,"column":67}}],"line":23},"4":{"loc":{"start":{"line":25,"column":4},"end":{"line":25,"column":81}},"type":"cond-expr","locations":[{"start":{"line":25,"column":12},"end":{"line":25,"column":42}},{"start":{"line":25,"column":45},"end":{"line":25,"column":81}}],"line":25},"5":{"loc":{"start":{"line":27,"column":4},"end":{"line":27,"column":73}},"type":"cond-expr","locations":[{"start":{"line":27,"column":12},"end":{"line":27,"column":38}},{"start":{"line":27,"column":41},"end":{"line":27,"column":73}}],"line":27}},"s":{"0":2,"1":2,"2":1,"3":0,"4":1,"5":1,"6":0,"7":1,"8":1,"9":0,"10":1,"11":2,"12":1,"13":1,"14":1},"f":{"0":1,"1":1,"2":1,"3":1,"4":1,"5":1},"b":{"0":[0,1],"1":[0,1],"2":[0,1],"3":[1,0],"4":[1,0],"5":[1,0]},"_coverageSchema":"1a1c01bbd47fc00a2c39e90264f33305004495a9","hash":"43ec47218681be03b293b15f04a95f8d0ae6933f"}
}
