TN:
SF:src/components/DateInput.tsx
FN:21,(anonymous_0)
FN:27,DateInput
FN:41,(anonymous_2)
FN:51,(anonymous_3)
FN:61,(anonymous_4)
FN:82,(anonymous_5)
FN:101,(anonymous_6)
FN:109,(anonymous_7)
FN:114,(anonymous_8)
FNF:9
FNH:0
FNDA:0,(anonymous_0)
FNDA:0,DateInput
FNDA:0,(anonymous_2)
FNDA:0,(anonymous_3)
FNDA:0,(anonymous_4)
FNDA:0,(anonymous_5)
FNDA:0,(anonymous_6)
FNDA:0,(anonymous_7)
FNDA:0,(anonymous_8)
DA:21,1
DA:22,0
DA:37,0
DA:39,0
DA:41,0
DA:42,0
DA:43,0
DA:47,0
DA:49,0
DA:51,0
DA:52,0
DA:53,0
DA:55,0
DA:56,0
DA:58,0
DA:61,0
DA:62,0
DA:63,0
DA:64,0
DA:65,0
DA:66,0
DA:67,0
DA:68,0
DA:69,0
DA:70,0
DA:71,0
DA:73,0
DA:77,0
DA:82,0
DA:101,0
DA:102,0
DA:103,0
DA:104,0
DA:110,0
DA:111,0
DA:115,0
DA:116,0
DA:117,0
DA:118,0
DA:119,0
DA:120,0
DA:128,0
DA:139,0
DA:141,0
DA:142,0
DA:160,0
LF:46
LH:1
BRDA:29,0,0,0
BRDA:30,1,0,0
BRDA:39,2,0,0
BRDA:39,2,1,0
BRDA:42,3,0,0
BRDA:42,3,1,0
BRDA:47,4,0,0
BRDA:47,4,1,0
BRDA:49,5,0,0
BRDA:49,5,1,0
BRDA:49,6,0,0
BRDA:49,6,1,0
BRDA:52,7,0,0
BRDA:52,7,1,0
BRDA:55,8,0,0
BRDA:55,8,1,0
BRDA:62,9,0,0
BRDA:62,9,1,0
BRDA:63,10,0,0
BRDA:63,10,1,0
BRDA:65,11,0,0
BRDA:65,11,1,0
BRDA:70,12,0,0
BRDA:70,12,1,0
BRDA:80,13,0,0
BRDA:80,13,1,0
BRDA:88,14,0,0
BRDA:88,14,1,0
BRDA:102,15,0,0
BRDA:102,15,1,0
BRDA:103,16,0,0
BRDA:103,16,1,0
BRDA:105,17,0,0
BRDA:105,17,1,0
BRDA:110,18,0,0
BRDA:110,18,1,0
BRDA:115,19,0,0
BRDA:115,19,1,0
BRDA:129,20,0,0
BRDA:129,20,1,0
BRDA:139,21,0,0
BRDA:139,21,1,0
BRDA:141,22,0,0
BRDA:141,22,1,0
BRDA:143,23,0,0
BRDA:143,23,1,0
BRDA:145,24,0,0
BRDA:145,24,1,0
BRDA:147,25,0,0
BRDA:147,25,1,0
BRDA:169,26,0,0
BRDA:169,26,1,0
BRDA:171,27,0,0
BRDA:171,27,1,0
BRDA:174,28,0,0
BRDA:174,28,1,0
BRDA:176,29,0,0
BRDA:176,29,1,0
BRF:58
BRH:0
end_of_record
TN:
SF:src/context/AuthContext.tsx
FN:47,authReducer
FN:97,AuthProvider
FN:101,(anonymous_2)
FN:102,(anonymous_3)
FN:133,(anonymous_4)
FN:155,(anonymous_5)
FN:177,(anonymous_6)
FN:187,(anonymous_7)
FN:202,useAuth
FNF:9
FNH:0
FNDA:0,authReducer
FNDA:0,AuthProvider
FNDA:0,(anonymous_2)
FNDA:0,(anonymous_3)
FNDA:0,(anonymous_4)
FNDA:0,(anonymous_5)
FNDA:0,(anonymous_6)
FNDA:0,(anonymous_7)
FNDA:0,useAuth
DA:26,0
DA:38,0
DA:48,0
DA:50,0
DA:53,0
DA:63,0
DA:73,0
DA:76,0
DA:79,0
DA:89,0
DA:98,0
DA:101,0
DA:102,0
DA:103,0
DA:104,0
DA:105,0
DA:107,0
DA:108,0
DA:109,0
DA:110,0
DA:111,0
DA:113,0
DA:121,0
DA:122,0
DA:123,0
DA:125,0
DA:126,0
DA:130,0
DA:133,0
DA:134,0
DA:135,0
DA:136,0
DA:138,0
DA:141,0
DA:142,0
DA:144,0
DA:150,0
DA:151,0
DA:155,0
DA:156,0
DA:157,0
DA:158,0
DA:160,0
DA:163,0
DA:164,0
DA:166,0
DA:172,0
DA:173,0
DA:177,0
DA:178,0
DA:179,0
DA:180,0
DA:181,0
DA:183,0
DA:187,0
DA:188,0
DA:191,0
DA:199,0
DA:203,0
DA:204,0
DA:205,0
DA:207,0
LF:62
LH:0
BRDA:48,0,0,0
BRDA:48,0,1,0
BRDA:48,0,2,0
BRDA:48,0,3,0
BRDA:48,0,4,0
BRDA:48,0,5,0
BRDA:48,0,6,0
BRDA:107,1,0,0
BRDA:107,1,1,0
BRDA:107,2,0,0
BRDA:107,2,1,0
BRDA:107,2,2,0
BRDA:150,3,0,0
BRDA:150,3,1,0
BRDA:172,4,0,0
BRDA:172,4,1,0
BRDA:204,5,0,0
BRDA:204,5,1,0
BRF:18
BRH:0
end_of_record
TN:
SF:src/navigation/AppNavigator.tsx
FN:26,AuthStack
FN:42,MainTabs
FN:68,(anonymous_2)
FN:78,(anonymous_3)
FN:88,(anonymous_4)
FN:98,(anonymous_5)
FN:107,AppStackNavigator
FN:153,AccountScreen
FN:207,(anonymous_8)
FN:222,(anonymous_9)
FN:248,LoadingScreen
FN:257,AppNavigator
FNF:12
FNH:0
FNDA:0,AuthStack
FNDA:0,MainTabs
FNDA:0,(anonymous_2)
FNDA:0,(anonymous_3)
FNDA:0,(anonymous_4)
FNDA:0,(anonymous_5)
FNDA:0,AppStackNavigator
FNDA:0,AccountScreen
FNDA:0,(anonymous_8)
FNDA:0,(anonymous_9)
FNDA:0,LoadingScreen
FNDA:0,AppNavigator
DA:21,0
DA:22,0
DA:23,0
DA:27,0
DA:43,0
DA:69,0
DA:79,0
DA:89,0
DA:99,0
DA:108,0
DA:154,0
DA:155,0
DA:157,0
DA:207,0
DA:222,0
DA:249,0
DA:258,0
DA:260,0
DA:261,0
DA:264,0
LF:20
LH:0
BRDA:191,0,0,0
BRDA:191,0,1,0
BRDA:260,1,0,0
BRDA:260,1,1,0
BRDA:266,2,0,0
BRDA:266,2,1,0
BRF:6
BRH:0
end_of_record
TN:
SF:src/screens/HomeScreen.tsx
FN:15,HomeScreen
FN:123,(anonymous_1)
FN:151,(anonymous_2)
FNF:3
FNH:0
FNDA:0,HomeScreen
FNDA:0,(anonymous_1)
FNDA:0,(anonymous_2)
DA:16,0
DA:18,0
DA:25,0
DA:37,0
DA:124,0
DA:152,0
LF:6
LH:0
BRDA:45,0,0,0
BRDA:45,0,1,0
BRDA:63,1,0,0
BRDA:63,1,1,0
BRF:4
BRH:0
end_of_record
TN:
SF:src/screens/LoginScreen.tsx
FN:25,LoginScreen
FN:34,(anonymous_1)
FN:43,(anonymous_2)
FN:62,(anonymous_3)
FN:78,(anonymous_4)
FN:79,(anonymous_5)
FN:81,(anonymous_6)
FN:108,(anonymous_7)
FN:122,(anonymous_8)
FN:154,(anonymous_9)
FNF:10
FNH:0
FNDA:0,LoginScreen
FNDA:0,(anonymous_1)
FNDA:0,(anonymous_2)
FNDA:0,(anonymous_3)
FNDA:0,(anonymous_4)
FNDA:0,(anonymous_5)
FNDA:0,(anonymous_6)
FNDA:0,(anonymous_7)
FNDA:0,(anonymous_8)
FNDA:0,(anonymous_9)
DA:26,0
DA:27,0
DA:28,0
DA:32,0
DA:34,0
DA:35,0
DA:43,0
DA:44,0
DA:46,0
DA:47,0
DA:48,0
DA:49,0
DA:52,0
DA:53,0
DA:54,0
DA:55,0
DA:58,0
DA:59,0
DA:62,0
DA:63,0
DA:65,0
DA:66,0
DA:67,0
DA:68,0
DA:74,0
DA:78,0
DA:79,0
DA:80,0
DA:81,0
DA:85,0
DA:108,0
DA:122,0
DA:154,0
LF:33
LH:0
BRDA:46,0,0,0
BRDA:46,0,1,0
BRDA:48,1,0,0
BRDA:48,1,1,0
BRDA:52,2,0,0
BRDA:52,2,1,0
BRDA:54,3,0,0
BRDA:54,3,1,0
BRDA:63,4,0,0
BRDA:63,4,1,0
BRDA:80,5,0,0
BRDA:80,5,1,0
BRDA:88,6,0,0
BRDA:88,6,1,0
BRDA:131,7,0,0
BRDA:131,7,1,0
BRF:16
BRH:0
end_of_record
TN:
SF:src/screens/MyTripsScreen.tsx
FN:19,MyTripsScreen
FN:26,(anonymous_1)
FN:32,(anonymous_2)
FN:46,(anonymous_3)
FN:50,(anonymous_4)
FN:83,(anonymous_5)
FN:125,(anonymous_6)
FNF:7
FNH:0
FNDA:0,MyTripsScreen
FNDA:0,(anonymous_1)
FNDA:0,(anonymous_2)
FNDA:0,(anonymous_3)
FNDA:0,(anonymous_4)
FNDA:0,(anonymous_5)
FNDA:0,(anonymous_6)
DA:20,0
DA:21,0
DA:22,0
DA:23,0
DA:24,0
DA:26,0
DA:27,0
DA:28,0
DA:29,0
DA:31,0
DA:32,0
DA:33,0
DA:35,0
DA:42,0
DA:46,0
DA:47,0
DA:50,0
DA:51,0
DA:52,0
DA:57,0
DA:84,0
DA:98,0
DA:125,0
LF:23
LH:0
BRDA:27,0,0,0
BRDA:27,0,1,0
BRDA:38,1,0,0
BRDA:38,1,1,0
BRDA:104,2,0,0
BRDA:104,2,1,0
BRDA:109,3,0,0
BRDA:109,3,1,0
BRF:8
BRH:0
end_of_record
TN:
SF:src/screens/MyUpcomingTripsScreen.tsx
FN:20,MyUpcomingTripsScreen
FN:26,(anonymous_1)
FN:45,(anonymous_2)
FN:49,(anonymous_3)
FN:106,(anonymous_4)
FN:123,(anonymous_5)
FN:166,(anonymous_6)
FNF:7
FNH:0
FNDA:0,MyUpcomingTripsScreen
FNDA:0,(anonymous_1)
FNDA:0,(anonymous_2)
FNDA:0,(anonymous_3)
FNDA:0,(anonymous_4)
FNDA:0,(anonymous_5)
FNDA:0,(anonymous_6)
DA:21,0
DA:22,0
DA:23,0
DA:24,0
DA:26,0
DA:27,0
DA:28,0
DA:29,0
DA:30,0
DA:32,0
DA:33,0
DA:41,0
DA:45,0
DA:46,0
DA:49,0
DA:50,0
DA:51,0
DA:53,0
DA:54,0
DA:59,0
DA:61,0
DA:62,0
DA:64,0
DA:107,0
DA:124,0
DA:139,0
DA:166,0
LF:27
LH:0
BRDA:36,0,0,0
BRDA:36,0,1,0
BRDA:51,1,0,0
BRDA:51,1,1,0
BRDA:59,2,0,0
BRDA:59,2,1,0
BRDA:84,3,0,0
BRDA:84,3,1,0
BRDA:92,4,0,0
BRDA:92,4,1,0
BRDA:96,5,0,0
BRDA:96,5,1,0
BRDA:100,6,0,0
BRDA:100,6,1,0
BRDA:118,7,0,0
BRDA:118,7,1,0
BRDA:145,8,0,0
BRDA:145,8,1,0
BRDA:150,9,0,0
BRDA:150,9,1,0
BRF:20
BRH:0
end_of_record
TN:
SF:src/screens/ProfileScreen.tsx
FN:19,ProfileScreen
FN:27,(anonymous_1)
FN:28,(anonymous_2)
FNF:3
FNH:0
FNDA:0,ProfileScreen
FNDA:0,(anonymous_1)
FNDA:0,(anonymous_2)
DA:20,0
DA:21,0
DA:23,0
DA:24,0
DA:25,0
DA:27,0
DA:28,0
DA:29,0
DA:30,0
DA:32,0
DA:34,0
DA:35,0
DA:38,0
DA:39,0
DA:41,0
DA:42,0
DA:44,0
DA:48,0
DA:51,0
DA:52,0
DA:60,0
DA:61,0
DA:68,0
LF:23
LH:0
BRDA:21,0,0,0
BRDA:21,0,1,0
BRDA:30,1,0,0
BRDA:30,1,1,0
BRDA:34,2,0,0
BRDA:34,2,1,0
BRDA:51,3,0,0
BRDA:51,3,1,0
BRDA:60,4,0,0
BRDA:60,4,1,0
BRDA:60,5,0,0
BRDA:60,5,1,0
BRDA:63,6,0,0
BRDA:63,6,1,0
BRDA:72,7,0,0
BRDA:72,7,1,0
BRF:16
BRH:0
end_of_record
TN:
SF:src/screens/RegisterScreen.tsx
FN:25,RegisterScreen
FN:36,(anonymous_1)
FN:45,(anonymous_2)
FN:76,(anonymous_3)
FN:87,(anonymous_4)
FN:88,(anonymous_5)
FN:90,(anonymous_6)
FN:117,(anonymous_7)
FN:129,(anonymous_8)
FN:143,(anonymous_9)
FN:156,(anonymous_10)
FN:188,(anonymous_11)
FNF:12
FNH:0
FNDA:0,RegisterScreen
FNDA:0,(anonymous_1)
FNDA:0,(anonymous_2)
FNDA:0,(anonymous_3)
FNDA:0,(anonymous_4)
FNDA:0,(anonymous_5)
FNDA:0,(anonymous_6)
FNDA:0,(anonymous_7)
FNDA:0,(anonymous_8)
FNDA:0,(anonymous_9)
FNDA:0,(anonymous_10)
FNDA:0,(anonymous_11)
DA:26,0
DA:27,0
DA:28,0
DA:34,0
DA:36,0
DA:37,0
DA:45,0
DA:46,0
DA:48,0
DA:49,0
DA:50,0
DA:51,0
DA:54,0
DA:55,0
DA:56,0
DA:57,0
DA:60,0
DA:61,0
DA:62,0
DA:63,0
DA:66,0
DA:67,0
DA:68,0
DA:69,0
DA:72,0
DA:73,0
DA:76,0
DA:77,0
DA:79,0
DA:80,0
DA:81,0
DA:83,0
DA:87,0
DA:88,0
DA:89,0
DA:90,0
DA:94,0
DA:117,0
DA:129,0
DA:143,0
DA:156,0
DA:188,0
LF:42
LH:0
BRDA:48,0,0,0
BRDA:48,0,1,0
BRDA:50,1,0,0
BRDA:50,1,1,0
BRDA:54,2,0,0
BRDA:54,2,1,0
BRDA:56,3,0,0
BRDA:56,3,1,0
BRDA:60,4,0,0
BRDA:60,4,1,0
BRDA:62,5,0,0
BRDA:62,5,1,0
BRDA:66,6,0,0
BRDA:66,6,1,0
BRDA:68,7,0,0
BRDA:68,7,1,0
BRDA:77,8,0,0
BRDA:77,8,1,0
BRDA:89,9,0,0
BRDA:89,9,1,0
BRDA:97,10,0,0
BRDA:97,10,1,0
BRDA:165,11,0,0
BRDA:165,11,1,0
BRF:24
BRH:0
end_of_record
TN:
SF:src/screens/TripCreateScreen.tsx
FN:29,TripCreateScreen
FN:35,(anonymous_1)
FN:39,(anonymous_2)
FN:45,(anonymous_3)
FN:81,(anonymous_4)
FN:98,(anonymous_5)
FN:145,(anonymous_6)
FN:156,(anonymous_7)
FN:168,(anonymous_8)
FN:181,(anonymous_9)
FN:194,(anonymous_10)
FNF:11
FNH:0
FNDA:0,TripCreateScreen
FNDA:0,(anonymous_1)
FNDA:0,(anonymous_2)
FNDA:0,(anonymous_3)
FNDA:0,(anonymous_4)
FNDA:0,(anonymous_5)
FNDA:0,(anonymous_6)
FNDA:0,(anonymous_7)
FNDA:0,(anonymous_8)
FNDA:0,(anonymous_9)
FNDA:0,(anonymous_10)
DA:20,0
DA:30,0
DA:31,0
DA:32,0
DA:33,0
DA:35,0
DA:39,0
DA:45,0
DA:46,0
DA:48,0
DA:49,0
DA:52,0
DA:53,0
DA:56,0
DA:57,0
DA:58,0
DA:59,0
DA:62,0
DA:63,0
DA:66,0
DA:67,0
DA:70,0
DA:74,0
DA:77,0
DA:78,0
DA:81,0
DA:82,0
DA:89,0
DA:90,0
DA:92,0
DA:95,0
DA:98,0
DA:99,0
DA:101,0
DA:102,0
DA:103,0
DA:104,0
DA:105,0
DA:110,0
DA:111,0
DA:113,0
DA:114,0
DA:120,0
DA:124,0
DA:145,0
DA:156,0
DA:168,0
DA:182,0
DA:195,0
LF:49
LH:0
BRDA:48,0,0,0
BRDA:48,0,1,0
BRDA:52,1,0,0
BRDA:52,1,1,0
BRDA:56,2,0,0
BRDA:56,2,1,0
BRDA:58,3,0,0
BRDA:58,3,1,0
BRDA:62,4,0,0
BRDA:62,4,1,0
BRDA:62,5,0,0
BRDA:62,5,1,0
BRDA:66,6,0,0
BRDA:66,6,1,0
BRDA:66,7,0,0
BRDA:66,7,1,0
BRDA:70,8,0,0
BRDA:70,8,1,0
BRDA:71,9,0,0
BRDA:71,9,1,0
BRDA:89,10,0,0
BRDA:89,10,1,0
BRDA:89,11,0,0
BRDA:89,11,1,0
BRDA:99,12,0,0
BRDA:99,12,1,0
BRDA:113,13,0,0
BRDA:113,13,1,0
BRDA:127,14,0,0
BRDA:127,14,1,0
BRDA:180,15,0,0
BRDA:180,15,1,0
BRDA:193,16,0,0
BRDA:193,16,1,0
BRF:34
BRH:0
end_of_record
TN:
SF:src/screens/TripReservationsScreen.tsx
FN:47,TripReservationsScreen
FN:58,(anonymous_1)
FN:76,(anonymous_2)
FN:80,(anonymous_3)
FN:98,(anonymous_4)
FN:116,(anonymous_5)
FN:162,(anonymous_6)
FN:170,(anonymous_7)
FN:183,(anonymous_8)
FN:227,(anonymous_9)
FNF:10
FNH:0
FNDA:0,TripReservationsScreen
FNDA:0,(anonymous_1)
FNDA:0,(anonymous_2)
FNDA:0,(anonymous_3)
FNDA:0,(anonymous_4)
FNDA:0,(anonymous_5)
FNDA:0,(anonymous_6)
FNDA:0,(anonymous_7)
FNDA:0,(anonymous_8)
FNDA:0,(anonymous_9)
DA:48,0
DA:49,0
DA:52,0
DA:54,0
DA:55,0
DA:56,0
DA:58,0
DA:59,0
DA:60,0
DA:61,0
DA:62,0
DA:64,0
DA:72,0
DA:76,0
DA:77,0
DA:80,0
DA:81,0
DA:82,0
DA:83,0
DA:87,0
DA:89,0
DA:98,0
DA:99,0
DA:100,0
DA:101,0
DA:105,0
DA:107,0
DA:116,0
DA:117,0
DA:118,0
DA:120,0
DA:162,0
DA:170,0
DA:184,0
DA:199,0
DA:227,0
LF:36
LH:0
BRDA:52,0,0,0
BRDA:52,0,1,0
BRDA:67,1,0,0
BRDA:67,1,1,0
BRDA:92,2,0,0
BRDA:92,2,1,0
BRDA:110,3,0,0
BRDA:110,3,1,0
BRDA:135,4,0,0
BRDA:135,4,1,0
BRDA:143,5,0,0
BRDA:143,5,1,0
BRDA:145,6,0,0
BRDA:145,6,1,0
BRDA:156,7,0,0
BRDA:156,7,1,0
BRDA:177,8,0,0
BRDA:177,8,1,0
BRDA:177,8,2,0
BRDA:205,9,0,0
BRDA:205,9,1,0
BRDA:210,10,0,0
BRDA:210,10,1,0
BRF:23
BRH:0
end_of_record
TN:
SF:src/screens/TripsSearchScreen.tsx
FN:28,TripsSearchScreen
FN:35,(anonymous_1)
FN:40,(anonymous_2)
FN:57,(anonymous_3)
FN:58,(anonymous_4)
FN:64,(anonymous_5)
FN:90,(anonymous_6)
FN:97,(anonymous_7)
FN:150,(anonymous_8)
FN:188,(anonymous_9)
FN:198,(anonymous_10)
FN:210,(anonymous_11)
FN:220,(anonymous_12)
FN:265,(anonymous_13)
FNF:14
FNH:0
FNDA:0,TripsSearchScreen
FNDA:0,(anonymous_1)
FNDA:0,(anonymous_2)
FNDA:0,(anonymous_3)
FNDA:0,(anonymous_4)
FNDA:0,(anonymous_5)
FNDA:0,(anonymous_6)
FNDA:0,(anonymous_7)
FNDA:0,(anonymous_8)
FNDA:0,(anonymous_9)
FNDA:0,(anonymous_10)
FNDA:0,(anonymous_11)
FNDA:0,(anonymous_12)
FNDA:0,(anonymous_13)
DA:24,0
DA:29,0
DA:30,0
DA:31,0
DA:32,0
DA:33,0
DA:35,0
DA:36,0
DA:37,0
DA:38,0
DA:40,0
DA:44,0
DA:45,0
DA:47,0
DA:53,0
DA:57,0
DA:58,0
DA:64,0
DA:65,0
DA:66,0
DA:68,0
DA:74,0
DA:76,0
DA:79,0
DA:82,0
DA:90,0
DA:91,0
DA:92,0
DA:97,0
DA:98,0
DA:99,0
DA:104,0
DA:107,0
DA:113,0
DA:115,0
DA:150,0
DA:172,0
DA:188,0
DA:198,0
DA:211,0
DA:220,0
DA:265,0
LF:42
LH:0
BRDA:40,0,0,0
BRDA:40,0,1,0
BRDA:40,0,2,0
BRDA:49,1,0,0
BRDA:49,1,1,0
BRDA:70,2,0,0
BRDA:70,2,1,0
BRDA:79,3,0,0
BRDA:79,3,1,0
BRDA:98,4,0,0
BRDA:98,4,1,0
BRDA:113,5,0,0
BRDA:113,5,1,0
BRDA:141,6,0,0
BRDA:141,6,1,0
BRDA:147,7,0,0
BRDA:147,7,1,0
BRDA:148,8,0,0
BRDA:148,8,1,0
BRDA:152,9,0,0
BRDA:152,9,1,0
BRDA:187,10,0,0
BRDA:187,10,1,0
BRDA:197,11,0,0
BRDA:197,11,1,0
BRDA:208,12,0,0
BRDA:208,12,1,0
BRDA:219,13,0,0
BRDA:219,13,1,0
BRDA:244,14,0,0
BRDA:244,14,1,0
BRDA:249,15,0,0
BRDA:249,15,1,0
BRF:33
BRH:0
end_of_record
TN:
SF:src/screens/chatScreen.tsx
FN:26,ChatScreen
FN:39,(anonymous_1)
FN:58,(anonymous_2)
FN:62,(anonymous_3)
FN:65,(anonymous_4)
FN:77,(anonymous_5)
FN:93,(anonymous_6)
FNF:7
FNH:0
FNDA:0,ChatScreen
FNDA:0,(anonymous_1)
FNDA:0,(anonymous_2)
FNDA:0,(anonymous_3)
FNDA:0,(anonymous_4)
FNDA:0,(anonymous_5)
FNDA:0,(anonymous_6)
DA:27,0
DA:29,0
DA:31,0
DA:32,0
DA:34,0
DA:35,0
DA:36,0
DA:37,0
DA:39,0
DA:40,0
DA:41,0
DA:42,0
DA:43,0
DA:44,0
DA:46,0
DA:47,0
DA:54,0
DA:58,0
DA:59,0
DA:61,0
DA:62,0
DA:65,0
DA:66,0
DA:67,0
DA:69,0
DA:70,0
DA:71,0
DA:76,0
DA:77,0
DA:79,0
DA:80,0
DA:87,0
DA:91,0
DA:93,0
DA:94,0
DA:96,0
DA:125,0
LF:37
LH:0
BRDA:29,0,0,0
BRDA:29,0,1,0
BRDA:40,1,0,0
BRDA:40,1,1,0
BRDA:40,2,0,0
BRDA:40,2,1,0
BRDA:50,3,0,0
BRDA:50,3,1,0
BRDA:66,4,0,0
BRDA:66,4,1,0
BRDA:67,5,0,0
BRDA:67,5,1,0
BRDA:67,6,0,0
BRDA:67,6,1,0
BRDA:83,7,0,0
BRDA:83,7,1,0
BRDA:99,8,0,0
BRDA:99,8,1,0
BRDA:107,9,0,0
BRDA:107,9,1,0
BRDA:109,10,0,0
BRDA:109,10,1,0
BRDA:113,11,0,0
BRDA:113,11,1,0
BRDA:128,12,0,0
BRDA:128,12,1,0
BRDA:132,13,0,0
BRDA:132,13,1,0
BRDA:142,14,0,0
BRDA:142,14,1,0
BRDA:152,15,0,0
BRDA:152,15,1,0
BRF:32
BRH:0
end_of_record
TN:
SF:src/services/apiClient.ts
FN:16,(anonymous_0)
FN:31,(anonymous_1)
FN:37,(anonymous_2)
FN:38,(anonymous_3)
FNF:4
FNH:0
FNDA:0,(anonymous_0)
FNDA:0,(anonymous_1)
FNDA:0,(anonymous_2)
FNDA:0,(anonymous_3)
DA:5,1
DA:7,1
DA:15,1
DA:17,0
DA:18,0
DA:20,0
DA:21,0
DA:22,0
DA:24,0
DA:27,0
DA:29,0
DA:32,0
DA:36,1
DA:37,0
DA:39,0
DA:40,0
DA:42,0
LF:17
LH:4
BRDA:5,0,0,1
BRDA:5,0,1,1
BRDA:20,1,0,0
BRDA:20,1,1,0
BRDA:21,2,0,0
BRDA:21,2,1,0
BRDA:39,3,0,0
BRDA:39,3,1,0
BRF:8
BRH:2
end_of_record
TN:
SF:src/services/authService.ts
FN:4,(anonymous_0)
FN:30,(anonymous_1)
FN:40,(anonymous_2)
FN:50,(anonymous_3)
FN:58,(anonymous_4)
FN:68,(anonymous_5)
FNF:6
FNH:6
FNDA:2,(anonymous_0)
FNDA:2,(anonymous_1)
FNDA:2,(anonymous_2)
FNDA:2,(anonymous_3)
FNDA:2,(anonymous_4)
FNDA:2,(anonymous_5)
DA:4,1
DA:6,2
DA:12,2
DA:18,2
DA:19,0
DA:22,2
DA:29,1
DA:31,2
DA:32,2
DA:33,1
DA:34,1
DA:36,1
DA:41,2
DA:42,2
DA:43,1
DA:44,1
DA:46,1
DA:51,2
DA:52,2
DA:54,1
DA:59,2
DA:60,2
DA:61,1
DA:63,1
DA:69,2
DA:70,2
DA:71,1
DA:73,1
LF:28
LH:27
BRDA:6,0,0,2
BRDA:6,0,1,0
BRDA:6,0,2,0
BRDA:6,0,3,0
BRDA:12,1,0,2
BRDA:12,1,1,0
BRDA:12,1,2,0
BRDA:12,1,3,0
BRDA:12,1,4,0
BRDA:18,2,0,0
BRDA:18,2,1,2
BRDA:18,3,0,2
BRDA:18,3,1,2
BRDA:25,4,0,2
BRDA:25,4,1,0
BRDA:36,5,0,1
BRDA:36,5,1,0
BRDA:46,6,0,1
BRDA:46,6,1,0
BRDA:63,7,0,1
BRDA:63,7,1,0
BRF:21
BRH:9
end_of_record
TN:
SF:src/services/messageService.ts
FN:25,listMessages
FN:45,sendMessage
FNF:2
FNH:0
FNDA:0,listMessages
FNDA:0,sendMessage
DA:26,0
DA:30,0
DA:33,0
DA:34,0
DA:38,0
DA:39,0
DA:42,0
DA:50,0
DA:56,0
DA:57,0
LF:10
LH:0
BRDA:33,0,0,0
BRDA:33,0,1,0
BRDA:38,1,0,0
BRDA:38,1,1,0
BRDA:57,2,0,0
BRDA:57,2,1,0
BRF:6
BRH:0
end_of_record
TN:
SF:src/services/reservationService.ts
FN:8,getAuthHeaders
FN:13,reserveTrip
FN:25,listReservationsForTrip
FN:37,acceptReservation
FN:49,rejectReservation
FN:85,listMyUpcomingTrips
FNF:6
FNH:0
FNDA:0,getAuthHeaders
FNDA:0,reserveTrip
FNDA:0,listReservationsForTrip
FNDA:0,acceptReservation
FNDA:0,rejectReservation
FNDA:0,listMyUpcomingTrips
DA:6,0
DA:9,0
DA:10,0
DA:14,0
DA:16,0
DA:22,0
DA:26,0
DA:28,0
DA:34,0
DA:38,0
DA:40,0
DA:46,0
DA:50,0
DA:52,0
DA:58,0
DA:86,0
DA:88,0
DA:93,0
DA:95,0
DA:96,0
DA:99,0
DA:100,0
DA:103,0
LF:23
LH:0
BRDA:6,0,0,0
BRDA:6,0,1,0
BRDA:10,1,0,0
BRDA:10,1,1,0
BRDA:34,2,0,0
BRDA:34,2,1,0
BRDA:95,3,0,0
BRDA:95,3,1,0
BRDA:99,4,0,0
BRDA:99,4,1,0
BRF:10
BRH:0
end_of_record
TN:
SF:src/services/tripService.ts
FN:15,(anonymous_0)
FN:27,(anonymous_1)
FNF:2
FNH:0
FNDA:0,(anonymous_0)
FNDA:0,(anonymous_1)
DA:14,0
DA:16,0
DA:19,0
DA:20,0
DA:24,0
DA:28,0
DA:32,0
DA:35,0
DA:36,0
DA:40,0
DA:41,0
DA:45,0
LF:12
LH:0
BRDA:19,0,0,0
BRDA:19,0,1,0
BRDA:27,1,0,0
BRDA:35,2,0,0
BRDA:35,2,1,0
BRDA:40,3,0,0
BRDA:40,3,1,0
BRF:7
BRH:0
end_of_record
TN:
SF:src/theme/index.ts
FNF:0
FNH:0
DA:3,0
LF:1
LH:0
BRF:0
BRH:0
end_of_record
TN:
SF:src/types/auth.types.ts
FNF:0
FNH:0
LF:0
LH:0
BRF:0
BRH:0
end_of_record
TN:
SF:src/types/trip.types.ts
FNF:0
FNH:0
LF:0
LH:0
BRF:0
BRH:0
end_of_record
TN:
SF:src/utils/storage.ts
FN:7,(anonymous_0)
FN:11,(anonymous_1)
FN:15,(anonymous_2)
FN:22,(anonymous_3)
FN:24,(anonymous_4)
FN:26,(anonymous_5)
FNF:6
FNH:6
FNDA:1,(anonymous_0)
FNDA:1,(anonymous_1)
FNDA:1,(anonymous_2)
FNDA:1,(anonymous_3)
FNDA:1,(anonymous_4)
FNDA:1,(anonymous_5)
DA:4,2
DA:6,2
DA:8,1
DA:9,1
DA:12,1
DA:13,1
DA:16,1
DA:17,1
DA:21,2
DA:23,1
DA:25,1
DA:27,1
LF:12
LH:12
BRDA:8,0,0,0
BRDA:8,0,1,1
BRDA:12,1,0,0
BRDA:12,1,1,1
BRDA:16,2,0,0
BRDA:16,2,1,1
BRDA:23,3,0,1
BRDA:23,3,1,0
BRDA:25,4,0,1
BRDA:25,4,1,0
BRDA:27,5,0,1
BRDA:27,5,1,0
BRF:12
BRH:6
end_of_record
